[ 2012-12-16T15:03:09+08:00 ] / | INFO: Tag[ app_begin ] --START--
[ 2012-12-16T15:03:09+08:00 ] / | INFO: Run ReadHtmlCache Behavior [ RunTime:0.001489s ]
[ 2012-12-16T15:03:09+08:00 ] / | INFO: Tag[ app_begin ] --END-- [ RunTime:0.001750s ]
[ 2012-12-16T15:03:09+08:00 ] / | INFO: Tag[ view_template ] --START--
[ 2012-12-16T15:03:09+08:00 ] / | INFO: Run LocationTemplate Behavior [ RunTime:0.000411s ]
[ 2012-12-16T15:03:09+08:00 ] / | INFO: Tag[ view_template ] --END-- [ RunTime:0.000498s ]
[ 2012-12-16T15:03:09+08:00 ] / | INFO: Tag[ view_parse ] --START--
[ 2012-12-16T15:03:09+08:00 ] / | INFO: Run ParseTemplate Behavior [ RunTime:0.015120s ]
[ 2012-12-16T15:03:09+08:00 ] / | INFO: Tag[ view_parse ] --END-- [ RunTime:0.015197s ]
[ 2012-12-16T15:03:09+08:00 ] / | INFO: Tag[ view_filter ] --START--
[ 2012-12-16T15:03:09+08:00 ] / | INFO: Run ContentReplace Behavior [ RunTime:0.000320s ]
[ 2012-12-16T15:03:09+08:00 ] / | INFO: Run TokenBuild Behavior [ RunTime:0.000332s ]
[ 2012-12-16T15:03:09+08:00 ] / | INFO: Run WriteHtmlCache Behavior [ RunTime:0.000222s ]
[ 2012-12-16T15:03:09+08:00 ] / | INFO: Run ShowRuntime Behavior [ RunTime:0.000403s ]
[ 2012-12-16T15:03:09+08:00 ] / | INFO: Tag[ view_filter ] --END-- [ RunTime:0.001427s ]
[ 2012-12-16T15:03:09+08:00 ] / | INFO: Tag[ view_end ] --START--
[ 2012-12-16T15:03:09+08:00 ] / | INFO: Run ShowPageTrace Behavior [ RunTime:0.001420s ]
[ 2012-12-16T15:03:09+08:00 ] / | INFO: Tag[ view_end ] --END-- [ RunTime:0.001490s ]
[ 2012-12-16T15:03:19+08:00 ] / | INFO: Tag[ app_begin ] --START--
[ 2012-12-16T15:03:19+08:00 ] / | INFO: Run ReadHtmlCache Behavior [ RunTime:0.000605s ]
[ 2012-12-16T15:03:19+08:00 ] / | INFO: Tag[ app_begin ] --END-- [ RunTime:0.000718s ]
[ 2012-12-16T15:03:20+08:00 ] / | NOTIC: [8] Memcache::connect() [<a href='function.Memcache-connect'>function.Memcache-connect</a>]: Server 127.0.0.1 (tcp 11211) failed with: ”…”⁄¡¨Ω”∑Ω‘⁄“ª∂Œ ±º‰∫Û√ª”–’˝»∑¥∏¥ªÚ¡¨Ω”µƒ÷˜ª˙√ª”–∑¥”¶£¨¡¨Ω”≥¢ ‘ ß∞‹°£
 (10060) CacheMemcache.class.php Á¨¨ 45 Ë°å.
[ 2012-12-16T15:03:20+08:00 ] / | NOTIC: [2] Memcache::connect() [<a href='function.Memcache-connect'>function.Memcache-connect</a>]: Can't connect to 127.0.0.1:11211, ”…”⁄¡¨Ω”∑Ω‘⁄“ª∂Œ ±º‰∫Û√ª”–’˝»∑¥∏¥ªÚ¡¨Ω”µƒ÷˜ª˙√ª”–∑¥”¶£¨¡¨Ω”≥¢ ‘ ß∞‹°£
 (10060) CacheMemcache.class.php Á¨¨ 45 Ë°å.
[ 2012-12-16T15:03:20+08:00 ] / | NOTIC: [2] Memcache::get() [<a href='function.Memcache-get'>function.Memcache-get</a>]: Failed to extract 'connection' variable from object CacheMemcache.class.php Á¨¨ 75 Ë°å.
[ 2012-12-16T15:03:20+08:00 ] / | SQL: DESCRIBE caidan_menu [ RunTime:0.005108s ]
[ 2012-12-16T15:03:20+08:00 ] / | NOTIC: [8] Undefined index:  Name DbPdo.class.php Á¨¨ 305 Ë°å.
[ 2012-12-16T15:03:20+08:00 ] / | NOTIC: [8] Undefined index:  Name DbPdo.class.php Á¨¨ 305 Ë°å.
[ 2012-12-16T15:03:20+08:00 ] / | NOTIC: [8] Undefined index:  Name DbPdo.class.php Á¨¨ 305 Ë°å.
[ 2012-12-16T15:03:20+08:00 ] / | SQL: select id, name, description from caidan_menu [ RunTime:0.001401s ]
[ 2012-12-16T15:03:20+08:00 ] / | NOTIC: [2] Missing argument 3 for MemcacheModel::set(), called in F:\AppServ\www\caidan\www\Lib\Model\UtilityModel\MenuUtilityModel.class.php on line 56 and defined MemcacheModel.class.php Á¨¨ 5 Ë°å.
[ 2012-12-16T15:03:20+08:00 ] / | NOTIC: [8] Undefined variable: time MemcacheModel.class.php Á¨¨ 7 Ë°å.
[ 2012-12-16T15:03:20+08:00 ] / | NOTIC: [2] Memcache::set() [<a href='function.Memcache-set'>function.Memcache-set</a>]: Failed to extract 'connection' variable from object CacheMemcache.class.php Á¨¨ 96 Ë°å.
[ 2012-12-16T15:03:20+08:00 ] / | INFO: Tag[ view_template ] --START--
[ 2012-12-16T15:03:20+08:00 ] / | INFO: Run LocationTemplate Behavior [ RunTime:0.000553s ]
[ 2012-12-16T15:03:20+08:00 ] / | INFO: Tag[ view_template ] --END-- [ RunTime:0.000625s ]
[ 2012-12-16T15:03:20+08:00 ] / | INFO: Tag[ view_parse ] --START--
[ 2012-12-16T15:03:20+08:00 ] / | INFO: Run ParseTemplate Behavior [ RunTime:0.016618s ]
[ 2012-12-16T15:03:20+08:00 ] / | INFO: Tag[ view_parse ] --END-- [ RunTime:0.016715s ]
[ 2012-12-16T15:03:20+08:00 ] / | INFO: Tag[ view_filter ] --START--
[ 2012-12-16T15:03:20+08:00 ] / | INFO: Run ContentReplace Behavior [ RunTime:0.000408s ]
[ 2012-12-16T15:03:20+08:00 ] / | INFO: Run TokenBuild Behavior [ RunTime:0.000446s ]
[ 2012-12-16T15:03:20+08:00 ] / | INFO: Run WriteHtmlCache Behavior [ RunTime:0.000278s ]
[ 2012-12-16T15:03:20+08:00 ] / | INFO: Run ShowRuntime Behavior [ RunTime:0.000559s ]
[ 2012-12-16T15:03:20+08:00 ] / | INFO: Tag[ view_filter ] --END-- [ RunTime:0.001888s ]
[ 2012-12-16T15:03:20+08:00 ] / | INFO: Tag[ view_end ] --START--
[ 2012-12-16T15:03:20+08:00 ] / | INFO: Run ShowPageTrace Behavior [ RunTime:0.001872s ]
[ 2012-12-16T15:03:20+08:00 ] / | INFO: Tag[ view_end ] --END-- [ RunTime:0.001962s ]
[ 2012-12-16T15:15:05+08:00 ] / | INFO: Tag[ app_begin ] --START--
[ 2012-12-16T15:15:05+08:00 ] / | INFO: Run ReadHtmlCache Behavior [ RunTime:0.001133s ]
[ 2012-12-16T15:15:05+08:00 ] / | INFO: Tag[ app_begin ] --END-- [ RunTime:0.001234s ]
[ 2012-12-16T15:15:05+08:00 ] / | SQL: DESCRIBE caidan_menu [ RunTime:0.002595s ]
[ 2012-12-16T15:15:05+08:00 ] / | NOTIC: [8] Undefined index:  Name DbPdo.class.php Á¨¨ 305 Ë°å.
[ 2012-12-16T15:15:05+08:00 ] / | NOTIC: [8] Undefined index:  Name DbPdo.class.php Á¨¨ 305 Ë°å.
[ 2012-12-16T15:15:05+08:00 ] / | NOTIC: [8] Undefined index:  Name DbPdo.class.php Á¨¨ 305 Ë°å.
[ 2012-12-16T15:15:05+08:00 ] / | SQL: select id, name, description from caidan_menu [ RunTime:0.001307s ]
[ 2012-12-16T15:15:05+08:00 ] / | NOTIC: [2] Missing argument 3 for MemcacheModel::set(), called in F:\AppServ\www\caidan\www\Lib\Model\UtilityModel\MenuUtilityModel.class.php on line 56 and defined MemcacheModel.class.php Á¨¨ 5 Ë°å.
[ 2012-12-16T15:15:05+08:00 ] / | NOTIC: [8] Undefined variable: time MemcacheModel.class.php Á¨¨ 7 Ë°å.
[ 2012-12-16T15:15:05+08:00 ] / | INFO: Tag[ view_template ] --START--
[ 2012-12-16T15:15:05+08:00 ] / | INFO: Run LocationTemplate Behavior [ RunTime:0.001892s ]
[ 2012-12-16T15:15:05+08:00 ] / | INFO: Tag[ view_template ] --END-- [ RunTime:0.001987s ]
[ 2012-12-16T15:15:05+08:00 ] / | INFO: Tag[ view_parse ] --START--
[ 2012-12-16T15:15:05+08:00 ] / | INFO: Run ParseTemplate Behavior [ RunTime:0.020042s ]
[ 2012-12-16T15:15:05+08:00 ] / | INFO: Tag[ view_parse ] --END-- [ RunTime:0.020122s ]
[ 2012-12-16T15:15:05+08:00 ] / | INFO: Tag[ view_filter ] --START--
[ 2012-12-16T15:15:05+08:00 ] / | INFO: Run ContentReplace Behavior [ RunTime:0.001017s ]
[ 2012-12-16T15:15:05+08:00 ] / | INFO: Run TokenBuild Behavior [ RunTime:0.000995s ]
[ 2012-12-16T15:15:05+08:00 ] / | INFO: Run WriteHtmlCache Behavior [ RunTime:0.000845s ]
[ 2012-12-16T15:15:05+08:00 ] / | INFO: Run ShowRuntime Behavior [ RunTime:0.001076s ]
[ 2012-12-16T15:15:05+08:00 ] / | INFO: Tag[ view_filter ] --END-- [ RunTime:0.004102s ]
[ 2012-12-16T15:15:05+08:00 ] / | INFO: Tag[ view_end ] --START--
[ 2012-12-16T15:15:05+08:00 ] / | INFO: Run ShowPageTrace Behavior [ RunTime:0.002572s ]
[ 2012-12-16T15:15:05+08:00 ] / | INFO: Tag[ view_end ] --END-- [ RunTime:0.002660s ]
[ 2012-12-16T15:16:33+08:00 ] / | INFO: Tag[ app_begin ] --START--
[ 2012-12-16T15:16:33+08:00 ] / | INFO: Run ReadHtmlCache Behavior [ RunTime:0.000706s ]
[ 2012-12-16T15:16:33+08:00 ] / | INFO: Tag[ app_begin ] --END-- [ RunTime:0.000843s ]
[ 2012-12-16T15:16:34+08:00 ] / | INFO: Tag[ view_template ] --START--
[ 2012-12-16T15:16:34+08:00 ] / | INFO: Run LocationTemplate Behavior [ RunTime:0.000804s ]
[ 2012-12-16T15:16:34+08:00 ] / | INFO: Tag[ view_template ] --END-- [ RunTime:0.000919s ]
[ 2012-12-16T15:16:34+08:00 ] / | INFO: Tag[ view_parse ] --START--
[ 2012-12-16T15:16:34+08:00 ] / | INFO: Run ParseTemplate Behavior [ RunTime:0.012903s ]
[ 2012-12-16T15:16:34+08:00 ] / | INFO: Tag[ view_parse ] --END-- [ RunTime:0.012983s ]
[ 2012-12-16T15:16:34+08:00 ] / | INFO: Tag[ view_filter ] --START--
[ 2012-12-16T15:16:34+08:00 ] / | INFO: Run ContentReplace Behavior [ RunTime:0.000320s ]
[ 2012-12-16T15:16:34+08:00 ] / | INFO: Run TokenBuild Behavior [ RunTime:0.000350s ]
[ 2012-12-16T15:16:34+08:00 ] / | INFO: Run WriteHtmlCache Behavior [ RunTime:0.000254s ]
[ 2012-12-16T15:16:34+08:00 ] / | INFO: Run ShowRuntime Behavior [ RunTime:0.000420s ]
[ 2012-12-16T15:16:34+08:00 ] / | INFO: Tag[ view_filter ] --END-- [ RunTime:0.001505s ]
[ 2012-12-16T15:16:34+08:00 ] / | INFO: Tag[ view_end ] --START--
[ 2012-12-16T15:16:34+08:00 ] / | INFO: Run ShowPageTrace Behavior [ RunTime:0.001529s ]
[ 2012-12-16T15:16:34+08:00 ] / | INFO: Tag[ view_end ] --END-- [ RunTime:0.001620s ]
[ 2012-12-16T15:16:58+08:00 ] / | INFO: Tag[ app_begin ] --START--
[ 2012-12-16T15:16:58+08:00 ] / | INFO: Run ReadHtmlCache Behavior [ RunTime:0.000502s ]
[ 2012-12-16T15:16:58+08:00 ] / | INFO: Tag[ app_begin ] --END-- [ RunTime:0.000603s ]
[ 2012-12-16T15:16:58+08:00 ] / | SQL: DESCRIBE caidan_menu [ RunTime:0.002337s ]
[ 2012-12-16T15:16:58+08:00 ] / | NOTIC: [8] Undefined index:  Name DbPdo.class.php Á¨¨ 305 Ë°å.
[ 2012-12-16T15:16:58+08:00 ] / | NOTIC: [8] Undefined index:  Name DbPdo.class.php Á¨¨ 305 Ë°å.
[ 2012-12-16T15:16:58+08:00 ] / | NOTIC: [8] Undefined index:  Name DbPdo.class.php Á¨¨ 305 Ë°å.
[ 2012-12-16T15:16:58+08:00 ] / | SQL: select id, name, description from caidan_menu [ RunTime:0.001353s ]
[ 2012-12-16T15:16:58+08:00 ] / | NOTIC: [2] Missing argument 3 for MemcacheModel::set(), called in F:\AppServ\www\caidan\www\Lib\Model\UtilityModel\MenuUtilityModel.class.php on line 56 and defined MemcacheModel.class.php Á¨¨ 5 Ë°å.
[ 2012-12-16T15:16:58+08:00 ] / | NOTIC: [8] Undefined variable: time MemcacheModel.class.php Á¨¨ 7 Ë°å.
[ 2012-12-16T15:16:58+08:00 ] / | INFO: Tag[ view_template ] --START--
[ 2012-12-16T15:16:58+08:00 ] / | INFO: Run LocationTemplate Behavior [ RunTime:0.000501s ]
[ 2012-12-16T15:16:58+08:00 ] / | INFO: Tag[ view_template ] --END-- [ RunTime:0.000563s ]
[ 2012-12-16T15:16:58+08:00 ] / | INFO: Tag[ view_parse ] --START--
[ 2012-12-16T15:16:58+08:00 ] / | INFO: Run ParseTemplate Behavior [ RunTime:0.012656s ]
[ 2012-12-16T15:16:58+08:00 ] / | INFO: Tag[ view_parse ] --END-- [ RunTime:0.012733s ]
[ 2012-12-16T15:16:58+08:00 ] / | INFO: Tag[ view_filter ] --START--
[ 2012-12-16T15:16:58+08:00 ] / | INFO: Run ContentReplace Behavior [ RunTime:0.000356s ]
[ 2012-12-16T15:16:58+08:00 ] / | INFO: Run TokenBuild Behavior [ RunTime:0.000439s ]
[ 2012-12-16T15:16:58+08:00 ] / | INFO: Run WriteHtmlCache Behavior [ RunTime:0.000237s ]
[ 2012-12-16T15:16:58+08:00 ] / | INFO: Run ShowRuntime Behavior [ RunTime:0.000461s ]
[ 2012-12-16T15:16:58+08:00 ] / | INFO: Tag[ view_filter ] --END-- [ RunTime:0.001708s ]
[ 2012-12-16T15:16:58+08:00 ] / | INFO: Tag[ view_end ] --START--
[ 2012-12-16T15:16:58+08:00 ] / | INFO: Run ShowPageTrace Behavior [ RunTime:0.002224s ]
[ 2012-12-16T15:16:58+08:00 ] / | INFO: Tag[ view_end ] --END-- [ RunTime:0.002329s ]
[ 2012-12-16T15:17:58+08:00 ] / | INFO: Tag[ app_begin ] --START--
[ 2012-12-16T15:17:58+08:00 ] / | INFO: Run ReadHtmlCache Behavior [ RunTime:0.001140s ]
[ 2012-12-16T15:17:58+08:00 ] / | INFO: Tag[ app_begin ] --END-- [ RunTime:0.001244s ]
[ 2012-12-16T15:17:58+08:00 ] / | INFO: Tag[ view_template ] --START--
[ 2012-12-16T15:17:58+08:00 ] / | INFO: Run LocationTemplate Behavior [ RunTime:0.001812s ]
[ 2012-12-16T15:17:58+08:00 ] / | INFO: Tag[ view_template ] --END-- [ RunTime:0.001892s ]
[ 2012-12-16T15:17:58+08:00 ] / | INFO: Tag[ view_parse ] --START--
[ 2012-12-16T15:17:58+08:00 ] / | INFO: Run ParseTemplate Behavior [ RunTime:0.021339s ]
[ 2012-12-16T15:17:58+08:00 ] / | INFO: Tag[ view_parse ] --END-- [ RunTime:0.021420s ]
[ 2012-12-16T15:17:58+08:00 ] / | INFO: Tag[ view_filter ] --START--
[ 2012-12-16T15:17:58+08:00 ] / | INFO: Run ContentReplace Behavior [ RunTime:0.001040s ]
[ 2012-12-16T15:17:58+08:00 ] / | INFO: Run TokenBuild Behavior [ RunTime:0.000989s ]
[ 2012-12-16T15:17:58+08:00 ] / | INFO: Run WriteHtmlCache Behavior [ RunTime:0.000847s ]
[ 2012-12-16T15:17:58+08:00 ] / | INFO: Run ShowRuntime Behavior [ RunTime:0.001072s ]
[ 2012-12-16T15:17:58+08:00 ] / | INFO: Tag[ view_filter ] --END-- [ RunTime:0.004114s ]
[ 2012-12-16T15:17:58+08:00 ] / | INFO: Tag[ view_end ] --START--
[ 2012-12-16T15:17:58+08:00 ] / | INFO: Run ShowPageTrace Behavior [ RunTime:0.002382s ]
[ 2012-12-16T15:17:58+08:00 ] / | INFO: Tag[ view_end ] --END-- [ RunTime:0.002450s ]
[ 2012-12-16T15:18:03+08:00 ] / | INFO: Tag[ app_begin ] --START--
[ 2012-12-16T15:18:03+08:00 ] / | INFO: Run ReadHtmlCache Behavior [ RunTime:0.000596s ]
[ 2012-12-16T15:18:03+08:00 ] / | INFO: Tag[ app_begin ] --END-- [ RunTime:0.000708s ]
[ 2012-12-16T15:18:03+08:00 ] / | SQL: DESCRIBE caidan_menu [ RunTime:0.002801s ]
[ 2012-12-16T15:18:03+08:00 ] / | NOTIC: [8] Undefined index:  Name DbPdo.class.php Á¨¨ 305 Ë°å.
[ 2012-12-16T15:18:03+08:00 ] / | NOTIC: [8] Undefined index:  Name DbPdo.class.php Á¨¨ 305 Ë°å.
[ 2012-12-16T15:18:03+08:00 ] / | NOTIC: [8] Undefined index:  Name DbPdo.class.php Á¨¨ 305 Ë°å.
[ 2012-12-16T15:18:03+08:00 ] / | SQL: select id, name, description from caidan_menu [ RunTime:0.001192s ]
[ 2012-12-16T15:18:03+08:00 ] / | INFO: Tag[ view_template ] --START--
[ 2012-12-16T15:18:03+08:00 ] / | INFO: Run LocationTemplate Behavior [ RunTime:0.000627s ]
[ 2012-12-16T15:18:03+08:00 ] / | INFO: Tag[ view_template ] --END-- [ RunTime:0.000713s ]
[ 2012-12-16T15:18:03+08:00 ] / | INFO: Tag[ view_parse ] --START--
[ 2012-12-16T15:18:03+08:00 ] / | INFO: Run ParseTemplate Behavior [ RunTime:0.014772s ]
[ 2012-12-16T15:18:03+08:00 ] / | INFO: Tag[ view_parse ] --END-- [ RunTime:0.014853s ]
[ 2012-12-16T15:18:03+08:00 ] / | INFO: Tag[ view_filter ] --START--
[ 2012-12-16T15:18:03+08:00 ] / | INFO: Run ContentReplace Behavior [ RunTime:0.000314s ]
[ 2012-12-16T15:18:03+08:00 ] / | INFO: Run TokenBuild Behavior [ RunTime:0.000333s ]
[ 2012-12-16T15:18:03+08:00 ] / | INFO: Run WriteHtmlCache Behavior [ RunTime:0.000216s ]
[ 2012-12-16T15:18:03+08:00 ] / | INFO: Run ShowRuntime Behavior [ RunTime:0.000419s ]
[ 2012-12-16T15:18:03+08:00 ] / | INFO: Tag[ view_filter ] --END-- [ RunTime:0.001433s ]
[ 2012-12-16T15:18:03+08:00 ] / | INFO: Tag[ view_end ] --START--
[ 2012-12-16T15:18:03+08:00 ] / | INFO: Run ShowPageTrace Behavior [ RunTime:0.001468s ]
[ 2012-12-16T15:18:03+08:00 ] / | INFO: Tag[ view_end ] --END-- [ RunTime:0.001533s ]
[ 2012-12-16T15:23:10+08:00 ] / | INFO: Tag[ app_begin ] --START--
[ 2012-12-16T15:23:10+08:00 ] / | INFO: Run ReadHtmlCache Behavior [ RunTime:0.001173s ]
[ 2012-12-16T15:23:10+08:00 ] / | INFO: Tag[ app_begin ] --END-- [ RunTime:0.001279s ]
[ 2012-12-16T15:23:10+08:00 ] / | INFO: Tag[ view_template ] --START--
[ 2012-12-16T15:23:10+08:00 ] / | INFO: Run LocationTemplate Behavior [ RunTime:0.001764s ]
[ 2012-12-16T15:23:10+08:00 ] / | INFO: Tag[ view_template ] --END-- [ RunTime:0.001843s ]
[ 2012-12-16T15:23:10+08:00 ] / | INFO: Tag[ view_parse ] --START--
[ 2012-12-16T15:23:10+08:00 ] / | INFO: Run ParseTemplate Behavior [ RunTime:0.020593s ]
[ 2012-12-16T15:23:10+08:00 ] / | INFO: Tag[ view_parse ] --END-- [ RunTime:0.020673s ]
[ 2012-12-16T15:23:10+08:00 ] / | INFO: Tag[ view_filter ] --START--
[ 2012-12-16T15:23:10+08:00 ] / | INFO: Run ContentReplace Behavior [ RunTime:0.000981s ]
[ 2012-12-16T15:23:10+08:00 ] / | INFO: Run TokenBuild Behavior [ RunTime:0.000967s ]
[ 2012-12-16T15:23:10+08:00 ] / | INFO: Run WriteHtmlCache Behavior [ RunTime:0.000923s ]
[ 2012-12-16T15:23:10+08:00 ] / | INFO: Run ShowRuntime Behavior [ RunTime:0.001275s ]
[ 2012-12-16T15:23:10+08:00 ] / | INFO: Tag[ view_filter ] --END-- [ RunTime:0.004349s ]
[ 2012-12-16T15:23:10+08:00 ] / | INFO: Tag[ view_end ] --START--
[ 2012-12-16T15:23:10+08:00 ] / | INFO: Run ShowPageTrace Behavior [ RunTime:0.002559s ]
[ 2012-12-16T15:23:10+08:00 ] / | INFO: Tag[ view_end ] --END-- [ RunTime:0.002628s ]
[ 2012-12-16T15:23:47+08:00 ] / | INFO: Tag[ app_begin ] --START--
[ 2012-12-16T15:23:47+08:00 ] / | INFO: Run ReadHtmlCache Behavior [ RunTime:0.000572s ]
[ 2012-12-16T15:23:47+08:00 ] / | INFO: Tag[ app_begin ] --END-- [ RunTime:0.000682s ]
[ 2012-12-16T15:23:47+08:00 ] / | SQL: DESCRIBE caidan_menu [ RunTime:0.003729s ]
[ 2012-12-16T15:23:47+08:00 ] / | NOTIC: [8] Undefined index:  Name DbPdo.class.php Á¨¨ 305 Ë°å.
[ 2012-12-16T15:23:47+08:00 ] / | NOTIC: [8] Undefined index:  Name DbPdo.class.php Á¨¨ 305 Ë°å.
[ 2012-12-16T15:23:47+08:00 ] / | NOTIC: [8] Undefined index:  Name DbPdo.class.php Á¨¨ 305 Ë°å.
[ 2012-12-16T15:23:47+08:00 ] / | SQL: select id, name, description from caidan_menu [ RunTime:0.001431s ]
[ 2012-12-16T15:23:47+08:00 ] / | INFO: Tag[ view_template ] --START--
[ 2012-12-16T15:23:47+08:00 ] / | INFO: Run LocationTemplate Behavior [ RunTime:0.000465s ]
[ 2012-12-16T15:23:47+08:00 ] / | INFO: Tag[ view_template ] --END-- [ RunTime:0.000526s ]
[ 2012-12-16T15:23:47+08:00 ] / | INFO: Tag[ view_parse ] --START--
[ 2012-12-16T15:23:47+08:00 ] / | INFO: Run ParseTemplate Behavior [ RunTime:0.013248s ]
[ 2012-12-16T15:23:47+08:00 ] / | INFO: Tag[ view_parse ] --END-- [ RunTime:0.013325s ]
[ 2012-12-16T15:23:47+08:00 ] / | INFO: Tag[ view_filter ] --START--
[ 2012-12-16T15:23:47+08:00 ] / | INFO: Run ContentReplace Behavior [ RunTime:0.000314s ]
[ 2012-12-16T15:23:47+08:00 ] / | INFO: Run TokenBuild Behavior [ RunTime:0.000331s ]
[ 2012-12-16T15:23:47+08:00 ] / | INFO: Run WriteHtmlCache Behavior [ RunTime:0.000212s ]
[ 2012-12-16T15:23:47+08:00 ] / | INFO: Run ShowRuntime Behavior [ RunTime:0.000400s ]
[ 2012-12-16T15:23:47+08:00 ] / | INFO: Tag[ view_filter ] --END-- [ RunTime:0.001404s ]
[ 2012-12-16T15:23:47+08:00 ] / | NOTIC: [2] Cannot modify header information - headers already sent by (output started at F:\AppServ\www\caidan\include\ThinkPHP\Lib\Core\Db.class.php:111) View.class.php Á¨¨ 120 Ë°å.
[ 2012-12-16T15:23:47+08:00 ] / | NOTIC: [2] Cannot modify header information - headers already sent by (output started at F:\AppServ\www\caidan\include\ThinkPHP\Lib\Core\Db.class.php:111) View.class.php Á¨¨ 121 Ë°å.
[ 2012-12-16T15:23:47+08:00 ] / | NOTIC: [2] Cannot modify header information - headers already sent by (output started at F:\AppServ\www\caidan\include\ThinkPHP\Lib\Core\Db.class.php:111) View.class.php Á¨¨ 122 Ë°å.
[ 2012-12-16T15:23:47+08:00 ] / | INFO: Tag[ view_end ] --START--
[ 2012-12-16T15:23:47+08:00 ] / | INFO: Run ShowPageTrace Behavior [ RunTime:0.001647s ]
[ 2012-12-16T15:23:47+08:00 ] / | INFO: Tag[ view_end ] --END-- [ RunTime:0.001733s ]
[ 2012-12-16T15:35:11+08:00 ] / | INFO: Tag[ app_begin ] --START--
[ 2012-12-16T15:35:11+08:00 ] / | INFO: Run ReadHtmlCache Behavior [ RunTime:0.001167s ]
[ 2012-12-16T15:35:11+08:00 ] / | INFO: Tag[ app_begin ] --END-- [ RunTime:0.001273s ]
[ 2012-12-16T15:35:11+08:00 ] / | INFO: Tag[ view_template ] --START--
[ 2012-12-16T15:35:11+08:00 ] / | INFO: Run LocationTemplate Behavior [ RunTime:0.001937s ]
[ 2012-12-16T15:35:11+08:00 ] / | INFO: Tag[ view_template ] --END-- [ RunTime:0.002025s ]
[ 2012-12-16T15:35:11+08:00 ] / | INFO: Tag[ view_parse ] --START--
[ 2012-12-16T15:35:11+08:00 ] / | INFO: Run ParseTemplate Behavior [ RunTime:0.021112s ]
[ 2012-12-16T15:35:11+08:00 ] / | INFO: Tag[ view_parse ] --END-- [ RunTime:0.021198s ]
[ 2012-12-16T15:35:11+08:00 ] / | INFO: Tag[ view_filter ] --START--
[ 2012-12-16T15:35:11+08:00 ] / | INFO: Run ContentReplace Behavior [ RunTime:0.000966s ]
[ 2012-12-16T15:35:11+08:00 ] / | INFO: Run TokenBuild Behavior [ RunTime:0.001007s ]
[ 2012-12-16T15:35:11+08:00 ] / | INFO: Run WriteHtmlCache Behavior [ RunTime:0.000891s ]
[ 2012-12-16T15:35:11+08:00 ] / | INFO: Run ShowRuntime Behavior [ RunTime:0.001379s ]
[ 2012-12-16T15:35:11+08:00 ] / | INFO: Tag[ view_filter ] --END-- [ RunTime:0.004416s ]
[ 2012-12-16T15:35:11+08:00 ] / | INFO: Tag[ view_end ] --START--
[ 2012-12-16T15:35:11+08:00 ] / | INFO: Run ShowPageTrace Behavior [ RunTime:0.002527s ]
[ 2012-12-16T15:35:11+08:00 ] / | INFO: Tag[ view_end ] --END-- [ RunTime:0.002593s ]
[ 2012-12-16T15:35:12+08:00 ] / | INFO: Tag[ app_begin ] --START--
[ 2012-12-16T15:35:12+08:00 ] / | INFO: Run ReadHtmlCache Behavior [ RunTime:0.000517s ]
[ 2012-12-16T15:35:12+08:00 ] / | INFO: Tag[ app_begin ] --END-- [ RunTime:0.000618s ]
[ 2012-12-16T15:35:12+08:00 ] / | INFO: Tag[ view_template ] --START--
[ 2012-12-16T15:35:12+08:00 ] / | INFO: Run LocationTemplate Behavior [ RunTime:0.000685s ]
[ 2012-12-16T15:35:12+08:00 ] / | INFO: Tag[ view_template ] --END-- [ RunTime:0.000781s ]
[ 2012-12-16T15:35:12+08:00 ] / | INFO: Tag[ view_parse ] --START--
[ 2012-12-16T15:35:12+08:00 ] / | INFO: Run ParseTemplate Behavior [ RunTime:0.012848s ]
[ 2012-12-16T15:35:12+08:00 ] / | INFO: Tag[ view_parse ] --END-- [ RunTime:0.012927s ]
[ 2012-12-16T15:35:12+08:00 ] / | INFO: Tag[ view_filter ] --START--
[ 2012-12-16T15:35:12+08:00 ] / | INFO: Run ContentReplace Behavior [ RunTime:0.000359s ]
[ 2012-12-16T15:35:12+08:00 ] / | INFO: Run TokenBuild Behavior [ RunTime:0.000387s ]
[ 2012-12-16T15:35:12+08:00 ] / | INFO: Run WriteHtmlCache Behavior [ RunTime:0.000292s ]
[ 2012-12-16T15:35:12+08:00 ] / | INFO: Run ShowRuntime Behavior [ RunTime:0.000413s ]
[ 2012-12-16T15:35:12+08:00 ] / | INFO: Tag[ view_filter ] --END-- [ RunTime:0.001632s ]
[ 2012-12-16T15:35:12+08:00 ] / | INFO: Tag[ view_end ] --START--
[ 2012-12-16T15:35:12+08:00 ] / | INFO: Run ShowPageTrace Behavior [ RunTime:0.001516s ]
[ 2012-12-16T15:35:12+08:00 ] / | INFO: Tag[ view_end ] --END-- [ RunTime:0.001582s ]
[ 2012-12-16T15:35:12+08:00 ] / | INFO: Tag[ app_begin ] --START--
[ 2012-12-16T15:35:12+08:00 ] / | INFO: Run ReadHtmlCache Behavior [ RunTime:0.000537s ]
[ 2012-12-16T15:35:12+08:00 ] / | INFO: Tag[ app_begin ] --END-- [ RunTime:0.000648s ]
[ 2012-12-16T15:35:12+08:00 ] / | INFO: Tag[ view_template ] --START--
[ 2012-12-16T15:35:12+08:00 ] / | INFO: Run LocationTemplate Behavior [ RunTime:0.000484s ]
[ 2012-12-16T15:35:12+08:00 ] / | INFO: Tag[ view_template ] --END-- [ RunTime:0.000561s ]
[ 2012-12-16T15:35:12+08:00 ] / | INFO: Tag[ view_parse ] --START--
[ 2012-12-16T15:35:12+08:00 ] / | INFO: Run ParseTemplate Behavior [ RunTime:0.012439s ]
[ 2012-12-16T15:35:12+08:00 ] / | INFO: Tag[ view_parse ] --END-- [ RunTime:0.012516s ]
[ 2012-12-16T15:35:12+08:00 ] / | INFO: Tag[ view_filter ] --START--
[ 2012-12-16T15:35:12+08:00 ] / | INFO: Run ContentReplace Behavior [ RunTime:0.000312s ]
[ 2012-12-16T15:35:12+08:00 ] / | INFO: Run TokenBuild Behavior [ RunTime:0.000330s ]
[ 2012-12-16T15:35:12+08:00 ] / | INFO: Run WriteHtmlCache Behavior [ RunTime:0.000214s ]
[ 2012-12-16T15:35:12+08:00 ] / | INFO: Run ShowRuntime Behavior [ RunTime:0.000394s ]
[ 2012-12-16T15:35:12+08:00 ] / | INFO: Tag[ view_filter ] --END-- [ RunTime:0.001395s ]
[ 2012-12-16T15:35:12+08:00 ] / | INFO: Tag[ view_end ] --START--
[ 2012-12-16T15:35:12+08:00 ] / | INFO: Run ShowPageTrace Behavior [ RunTime:0.001525s ]
[ 2012-12-16T15:35:12+08:00 ] / | INFO: Tag[ view_end ] --END-- [ RunTime:0.001598s ]
[ 2012-12-16T15:35:13+08:00 ] / | INFO: Tag[ app_begin ] --START--
[ 2012-12-16T15:35:13+08:00 ] / | INFO: Run ReadHtmlCache Behavior [ RunTime:0.000563s ]
[ 2012-12-16T15:35:13+08:00 ] / | INFO: Tag[ app_begin ] --END-- [ RunTime:0.000680s ]
[ 2012-12-16T15:35:13+08:00 ] / | INFO: Tag[ view_template ] --START--
[ 2012-12-16T15:35:13+08:00 ] / | INFO: Run LocationTemplate Behavior [ RunTime:0.000578s ]
[ 2012-12-16T15:35:13+08:00 ] / | INFO: Tag[ view_template ] --END-- [ RunTime:0.000666s ]
[ 2012-12-16T15:35:13+08:00 ] / | INFO: Tag[ view_parse ] --START--
[ 2012-12-16T15:35:13+08:00 ] / | INFO: Run ParseTemplate Behavior [ RunTime:0.012678s ]
[ 2012-12-16T15:35:13+08:00 ] / | INFO: Tag[ view_parse ] --END-- [ RunTime:0.012757s ]
[ 2012-12-16T15:35:13+08:00 ] / | INFO: Tag[ view_filter ] --START--
[ 2012-12-16T15:35:13+08:00 ] / | INFO: Run ContentReplace Behavior [ RunTime:0.000314s ]
[ 2012-12-16T15:35:13+08:00 ] / | INFO: Run TokenBuild Behavior [ RunTime:0.000328s ]
[ 2012-12-16T15:35:13+08:00 ] / | INFO: Run WriteHtmlCache Behavior [ RunTime:0.000213s ]
[ 2012-12-16T15:35:13+08:00 ] / | INFO: Run ShowRuntime Behavior [ RunTime:0.000401s ]
[ 2012-12-16T15:35:13+08:00 ] / | INFO: Tag[ view_filter ] --END-- [ RunTime:0.001402s ]
[ 2012-12-16T15:35:13+08:00 ] / | INFO: Tag[ view_end ] --START--
[ 2012-12-16T15:35:13+08:00 ] / | INFO: Run ShowPageTrace Behavior [ RunTime:0.001439s ]
[ 2012-12-16T15:35:13+08:00 ] / | INFO: Tag[ view_end ] --END-- [ RunTime:0.001504s ]
[ 2012-12-16T15:35:13+08:00 ] / | INFO: Tag[ app_begin ] --START--
[ 2012-12-16T15:35:13+08:00 ] / | INFO: Run ReadHtmlCache Behavior [ RunTime:0.000582s ]
[ 2012-12-16T15:35:13+08:00 ] / | INFO: Tag[ app_begin ] --END-- [ RunTime:0.000693s ]
[ 2012-12-16T15:35:13+08:00 ] / | INFO: Tag[ view_template ] --START--
[ 2012-12-16T15:35:13+08:00 ] / | INFO: Run LocationTemplate Behavior [ RunTime:0.000576s ]
[ 2012-12-16T15:35:13+08:00 ] / | INFO: Tag[ view_template ] --END-- [ RunTime:0.000669s ]
[ 2012-12-16T15:35:13+08:00 ] / | INFO: Tag[ view_parse ] --START--
[ 2012-12-16T15:35:13+08:00 ] / | INFO: Run ParseTemplate Behavior [ RunTime:0.015763s ]
[ 2012-12-16T15:35:13+08:00 ] / | INFO: Tag[ view_parse ] --END-- [ RunTime:0.015853s ]
[ 2012-12-16T15:35:13+08:00 ] / | INFO: Tag[ view_filter ] --START--
[ 2012-12-16T15:35:13+08:00 ] / | INFO: Run ContentReplace Behavior [ RunTime:0.000353s ]
[ 2012-12-16T15:35:13+08:00 ] / | INFO: Run TokenBuild Behavior [ RunTime:0.000373s ]
[ 2012-12-16T15:35:13+08:00 ] / | INFO: Run WriteHtmlCache Behavior [ RunTime:0.000255s ]
[ 2012-12-16T15:35:13+08:00 ] / | INFO: Run ShowRuntime Behavior [ RunTime:0.000451s ]
[ 2012-12-16T15:35:13+08:00 ] / | INFO: Tag[ view_filter ] --END-- [ RunTime:0.001599s ]
[ 2012-12-16T15:35:13+08:00 ] / | INFO: Tag[ view_end ] --START--
[ 2012-12-16T15:35:13+08:00 ] / | INFO: Run ShowPageTrace Behavior [ RunTime:0.001731s ]
[ 2012-12-16T15:35:13+08:00 ] / | INFO: Tag[ view_end ] --END-- [ RunTime:0.001826s ]
[ 2012-12-16T15:35:13+08:00 ] / | INFO: Tag[ app_begin ] --START--
[ 2012-12-16T15:35:13+08:00 ] / | INFO: Run ReadHtmlCache Behavior [ RunTime:0.000906s ]
[ 2012-12-16T15:35:13+08:00 ] / | INFO: Tag[ app_begin ] --END-- [ RunTime:0.001060s ]
[ 2012-12-16T15:35:13+08:00 ] / | INFO: Tag[ view_template ] --START--
[ 2012-12-16T15:35:13+08:00 ] / | INFO: Run LocationTemplate Behavior [ RunTime:0.000494s ]
[ 2012-12-16T15:35:13+08:00 ] / | INFO: Tag[ view_template ] --END-- [ RunTime:0.000596s ]
[ 2012-12-16T15:35:13+08:00 ] / | INFO: Tag[ view_parse ] --START--
[ 2012-12-16T15:35:13+08:00 ] / | INFO: Run ParseTemplate Behavior [ RunTime:0.016019s ]
[ 2012-12-16T15:35:13+08:00 ] / | INFO: Tag[ view_parse ] --END-- [ RunTime:0.016106s ]
[ 2012-12-16T15:35:13+08:00 ] / | INFO: Tag[ view_filter ] --START--
[ 2012-12-16T15:35:13+08:00 ] / | INFO: Run ContentReplace Behavior [ RunTime:0.000329s ]
[ 2012-12-16T15:35:13+08:00 ] / | INFO: Run TokenBuild Behavior [ RunTime:0.000401s ]
[ 2012-12-16T15:35:13+08:00 ] / | INFO: Run WriteHtmlCache Behavior [ RunTime:0.000249s ]
[ 2012-12-16T15:35:13+08:00 ] / | INFO: Run ShowRuntime Behavior [ RunTime:0.000412s ]
[ 2012-12-16T15:35:13+08:00 ] / | INFO: Tag[ view_filter ] --END-- [ RunTime:0.001564s ]
[ 2012-12-16T15:35:13+08:00 ] / | INFO: Tag[ view_end ] --START--
[ 2012-12-16T15:35:13+08:00 ] / | INFO: Run ShowPageTrace Behavior [ RunTime:0.001665s ]
[ 2012-12-16T15:35:13+08:00 ] / | INFO: Tag[ view_end ] --END-- [ RunTime:0.001787s ]
[ 2012-12-16T15:35:20+08:00 ] / | INFO: Tag[ app_begin ] --START--
[ 2012-12-16T15:35:20+08:00 ] / | INFO: Run ReadHtmlCache Behavior [ RunTime:0.000778s ]
[ 2012-12-16T15:35:20+08:00 ] / | INFO: Tag[ app_begin ] --END-- [ RunTime:0.000933s ]
[ 2012-12-16T15:35:20+08:00 ] / | SQL: DESCRIBE caidan_menu [ RunTime:0.003650s ]
[ 2012-12-16T15:35:20+08:00 ] / | NOTIC: [8] Undefined index:  Name DbPdo.class.php Á¨¨ 305 Ë°å.
[ 2012-12-16T15:35:20+08:00 ] / | NOTIC: [8] Undefined index:  Name DbPdo.class.php Á¨¨ 305 Ë°å.
[ 2012-12-16T15:35:20+08:00 ] / | NOTIC: [8] Undefined index:  Name DbPdo.class.php Á¨¨ 305 Ë°å.
[ 2012-12-16T15:35:20+08:00 ] / | SQL: select id, name, description from caidan_menu [ RunTime:0.001463s ]
[ 2012-12-16T15:35:20+08:00 ] / | INFO: Tag[ view_template ] --START--
[ 2012-12-16T15:35:20+08:00 ] / | INFO: Run LocationTemplate Behavior [ RunTime:0.000549s ]
[ 2012-12-16T15:35:20+08:00 ] / | INFO: Tag[ view_template ] --END-- [ RunTime:0.000629s ]
[ 2012-12-16T15:35:20+08:00 ] / | INFO: Tag[ view_parse ] --START--
[ 2012-12-16T15:35:20+08:00 ] / | INFO: Run ParseTemplate Behavior [ RunTime:0.012732s ]
[ 2012-12-16T15:35:20+08:00 ] / | INFO: Tag[ view_parse ] --END-- [ RunTime:0.012808s ]
[ 2012-12-16T15:35:20+08:00 ] / | INFO: Tag[ view_filter ] --START--
[ 2012-12-16T15:35:20+08:00 ] / | INFO: Run ContentReplace Behavior [ RunTime:0.000319s ]
[ 2012-12-16T15:35:20+08:00 ] / | INFO: Run TokenBuild Behavior [ RunTime:0.000328s ]
[ 2012-12-16T15:35:20+08:00 ] / | INFO: Run WriteHtmlCache Behavior [ RunTime:0.000214s ]
[ 2012-12-16T15:35:20+08:00 ] / | INFO: Run ShowRuntime Behavior [ RunTime:0.000526s ]
[ 2012-12-16T15:35:20+08:00 ] / | INFO: Tag[ view_filter ] --END-- [ RunTime:0.001559s ]
[ 2012-12-16T15:35:20+08:00 ] / | NOTIC: [2] Cannot modify header information - headers already sent by (output started at F:\AppServ\www\caidan\include\ThinkPHP\Lib\Core\Db.class.php:111) View.class.php Á¨¨ 120 Ë°å.
[ 2012-12-16T15:35:20+08:00 ] / | NOTIC: [2] Cannot modify header information - headers already sent by (output started at F:\AppServ\www\caidan\include\ThinkPHP\Lib\Core\Db.class.php:111) View.class.php Á¨¨ 121 Ë°å.
[ 2012-12-16T15:35:20+08:00 ] / | NOTIC: [2] Cannot modify header information - headers already sent by (output started at F:\AppServ\www\caidan\include\ThinkPHP\Lib\Core\Db.class.php:111) View.class.php Á¨¨ 122 Ë°å.
[ 2012-12-16T15:35:20+08:00 ] / | INFO: Tag[ view_end ] --START--
[ 2012-12-16T15:35:20+08:00 ] / | INFO: Run ShowPageTrace Behavior [ RunTime:0.002266s ]
[ 2012-12-16T15:35:20+08:00 ] / | INFO: Tag[ view_end ] --END-- [ RunTime:0.002397s ]
[ 2012-12-16T15:37:57+08:00 ] / | INFO: Tag[ app_begin ] --START--
[ 2012-12-16T15:37:57+08:00 ] / | INFO: Run ReadHtmlCache Behavior [ RunTime:0.001127s ]
[ 2012-12-16T15:37:57+08:00 ] / | INFO: Tag[ app_begin ] --END-- [ RunTime:0.001231s ]
[ 2012-12-16T15:37:57+08:00 ] / | SQL: DESCRIBE caidan_menu [ RunTime:0.005160s ]
[ 2012-12-16T15:37:57+08:00 ] / | NOTIC: [8] Undefined index:  Name DbPdo.class.php Á¨¨ 305 Ë°å.
[ 2012-12-16T15:37:57+08:00 ] / | NOTIC: [8] Undefined index:  Name DbPdo.class.php Á¨¨ 305 Ë°å.
[ 2012-12-16T15:37:57+08:00 ] / | NOTIC: [8] Undefined index:  Name DbPdo.class.php Á¨¨ 305 Ë°å.
[ 2012-12-16T15:37:57+08:00 ] / | SQL: select id, name, description from caidan_menu [ RunTime:0.000797s ]
[ 2012-12-16T15:37:57+08:00 ] / | INFO: Tag[ view_template ] --START--
[ 2012-12-16T15:37:57+08:00 ] / | INFO: Run LocationTemplate Behavior [ RunTime:0.002186s ]
[ 2012-12-16T15:37:57+08:00 ] / | INFO: Tag[ view_template ] --END-- [ RunTime:0.002282s ]
[ 2012-12-16T15:37:57+08:00 ] / | INFO: Tag[ view_parse ] --START--
[ 2012-12-16T15:37:57+08:00 ] / | INFO: Run ParseTemplate Behavior [ RunTime:0.020457s ]
[ 2012-12-16T15:37:57+08:00 ] / | INFO: Tag[ view_parse ] --END-- [ RunTime:0.020542s ]
[ 2012-12-16T15:37:57+08:00 ] / | INFO: Tag[ view_filter ] --START--
[ 2012-12-16T15:37:57+08:00 ] / | INFO: Run ContentReplace Behavior [ RunTime:0.000986s ]
[ 2012-12-16T15:37:57+08:00 ] / | INFO: Run TokenBuild Behavior [ RunTime:0.001022s ]
[ 2012-12-16T15:37:57+08:00 ] / | INFO: Run WriteHtmlCache Behavior [ RunTime:0.000852s ]
[ 2012-12-16T15:37:57+08:00 ] / | INFO: Run ShowRuntime Behavior [ RunTime:0.001030s ]
[ 2012-12-16T15:37:57+08:00 ] / | INFO: Tag[ view_filter ] --END-- [ RunTime:0.004057s ]
[ 2012-12-16T15:37:57+08:00 ] / | NOTIC: [2] Cannot modify header information - headers already sent by (output started at F:\AppServ\www\caidan\include\ThinkPHP\Lib\Core\Db.class.php:111) View.class.php Á¨¨ 120 Ë°å.
[ 2012-12-16T15:37:57+08:00 ] / | NOTIC: [2] Cannot modify header information - headers already sent by (output started at F:\AppServ\www\caidan\include\ThinkPHP\Lib\Core\Db.class.php:111) View.class.php Á¨¨ 121 Ë°å.
[ 2012-12-16T15:37:57+08:00 ] / | NOTIC: [2] Cannot modify header information - headers already sent by (output started at F:\AppServ\www\caidan\include\ThinkPHP\Lib\Core\Db.class.php:111) View.class.php Á¨¨ 122 Ë°å.
[ 2012-12-16T15:37:57+08:00 ] / | INFO: Tag[ view_end ] --START--
[ 2012-12-16T15:37:57+08:00 ] / | INFO: Run ShowPageTrace Behavior [ RunTime:0.002605s ]
[ 2012-12-16T15:37:57+08:00 ] / | INFO: Tag[ view_end ] --END-- [ RunTime:0.002692s ]
[ 2012-12-16T15:37:59+08:00 ] / | INFO: Tag[ app_begin ] --START--
[ 2012-12-16T15:37:59+08:00 ] / | INFO: Run ReadHtmlCache Behavior [ RunTime:0.001688s ]
[ 2012-12-16T15:37:59+08:00 ] / | INFO: Tag[ app_begin ] --END-- [ RunTime:0.001847s ]
[ 2012-12-16T15:37:59+08:00 ] / | INFO: Tag[ view_template ] --START--
[ 2012-12-16T15:37:59+08:00 ] / | INFO: Run LocationTemplate Behavior [ RunTime:0.000493s ]
[ 2012-12-16T15:37:59+08:00 ] / | INFO: Tag[ view_template ] --END-- [ RunTime:0.000570s ]
[ 2012-12-16T15:37:59+08:00 ] / | INFO: Tag[ view_parse ] --START--
[ 2012-12-16T15:37:59+08:00 ] / | INFO: Run ParseTemplate Behavior [ RunTime:0.013734s ]
[ 2012-12-16T15:37:59+08:00 ] / | INFO: Tag[ view_parse ] --END-- [ RunTime:0.013844s ]
[ 2012-12-16T15:37:59+08:00 ] / | INFO: Tag[ view_filter ] --START--
[ 2012-12-16T15:37:59+08:00 ] / | INFO: Run ContentReplace Behavior [ RunTime:0.000500s ]
[ 2012-12-16T15:37:59+08:00 ] / | INFO: Run TokenBuild Behavior [ RunTime:0.000377s ]
[ 2012-12-16T15:37:59+08:00 ] / | INFO: Run WriteHtmlCache Behavior [ RunTime:0.000230s ]
[ 2012-12-16T15:37:59+08:00 ] / | INFO: Run ShowRuntime Behavior [ RunTime:0.000408s ]
[ 2012-12-16T15:37:59+08:00 ] / | INFO: Tag[ view_filter ] --END-- [ RunTime:0.001684s ]
[ 2012-12-16T15:37:59+08:00 ] / | INFO: Tag[ view_end ] --START--
[ 2012-12-16T15:37:59+08:00 ] / | INFO: Run ShowPageTrace Behavior [ RunTime:0.001523s ]
[ 2012-12-16T15:37:59+08:00 ] / | INFO: Tag[ view_end ] --END-- [ RunTime:0.001590s ]
[ 2012-12-16T15:38:06+08:00 ] / | INFO: Tag[ app_begin ] --START--
[ 2012-12-16T15:38:06+08:00 ] / | INFO: Run ReadHtmlCache Behavior [ RunTime:0.001233s ]
[ 2012-12-16T15:38:06+08:00 ] / | INFO: Tag[ app_begin ] --END-- [ RunTime:0.001396s ]
[ 2012-12-16T15:38:06+08:00 ] / | SQL: DESCRIBE caidan_menu [ RunTime:0.002375s ]
[ 2012-12-16T15:38:06+08:00 ] / | NOTIC: [8] Undefined index:  Name DbPdo.class.php Á¨¨ 305 Ë°å.
[ 2012-12-16T15:38:06+08:00 ] / | NOTIC: [8] Undefined index:  Name DbPdo.class.php Á¨¨ 305 Ë°å.
[ 2012-12-16T15:38:06+08:00 ] / | NOTIC: [8] Undefined index:  Name DbPdo.class.php Á¨¨ 305 Ë°å.
[ 2012-12-16T15:38:06+08:00 ] / | SQL: select id, name, description from caidan_menu [ RunTime:0.001061s ]
[ 2012-12-16T15:38:06+08:00 ] / | INFO: Tag[ view_template ] --START--
[ 2012-12-16T15:38:06+08:00 ] / | INFO: Run LocationTemplate Behavior [ RunTime:0.000455s ]
[ 2012-12-16T15:38:06+08:00 ] / | INFO: Tag[ view_template ] --END-- [ RunTime:0.000514s ]
[ 2012-12-16T15:38:06+08:00 ] / | INFO: Tag[ view_parse ] --START--
[ 2012-12-16T15:38:06+08:00 ] / | INFO: Run ParseTemplate Behavior [ RunTime:0.012644s ]
[ 2012-12-16T15:38:06+08:00 ] / | INFO: Tag[ view_parse ] --END-- [ RunTime:0.012722s ]
[ 2012-12-16T15:38:06+08:00 ] / | INFO: Tag[ view_filter ] --START--
[ 2012-12-16T15:38:06+08:00 ] / | INFO: Run ContentReplace Behavior [ RunTime:0.000373s ]
[ 2012-12-16T15:38:06+08:00 ] / | INFO: Run TokenBuild Behavior [ RunTime:0.000334s ]
[ 2012-12-16T15:38:06+08:00 ] / | INFO: Run WriteHtmlCache Behavior [ RunTime:0.000216s ]
[ 2012-12-16T15:38:06+08:00 ] / | INFO: Run ShowRuntime Behavior [ RunTime:0.000411s ]
[ 2012-12-16T15:38:06+08:00 ] / | INFO: Tag[ view_filter ] --END-- [ RunTime:0.001484s ]
[ 2012-12-16T15:38:06+08:00 ] / | NOTIC: [2] Cannot modify header information - headers already sent by (output started at F:\AppServ\www\caidan\include\ThinkPHP\Lib\Core\Db.class.php:111) View.class.php Á¨¨ 120 Ë°å.
[ 2012-12-16T15:38:06+08:00 ] / | NOTIC: [2] Cannot modify header information - headers already sent by (output started at F:\AppServ\www\caidan\include\ThinkPHP\Lib\Core\Db.class.php:111) View.class.php Á¨¨ 121 Ë°å.
[ 2012-12-16T15:38:06+08:00 ] / | NOTIC: [2] Cannot modify header information - headers already sent by (output started at F:\AppServ\www\caidan\include\ThinkPHP\Lib\Core\Db.class.php:111) View.class.php Á¨¨ 122 Ë°å.
[ 2012-12-16T15:38:06+08:00 ] / | INFO: Tag[ view_end ] --START--
[ 2012-12-16T15:38:06+08:00 ] / | INFO: Run ShowPageTrace Behavior [ RunTime:0.001656s ]
[ 2012-12-16T15:38:06+08:00 ] / | INFO: Tag[ view_end ] --END-- [ RunTime:0.001736s ]
[ 2012-12-16T15:39:52+08:00 ] / | INFO: Tag[ app_begin ] --START--
[ 2012-12-16T15:39:52+08:00 ] / | INFO: Run ReadHtmlCache Behavior [ RunTime:0.001115s ]
[ 2012-12-16T15:39:52+08:00 ] / | INFO: Tag[ app_begin ] --END-- [ RunTime:0.001270s ]
[ 2012-12-16T15:39:52+08:00 ] / | INFO: Tag[ view_template ] --START--
[ 2012-12-16T15:39:52+08:00 ] / | INFO: Run LocationTemplate Behavior [ RunTime:0.000537s ]
[ 2012-12-16T15:39:52+08:00 ] / | INFO: Tag[ view_template ] --END-- [ RunTime:0.000620s ]
[ 2012-12-16T15:39:52+08:00 ] / | INFO: Tag[ view_parse ] --START--
[ 2012-12-16T15:39:52+08:00 ] / | INFO: Run ParseTemplate Behavior [ RunTime:0.014450s ]
[ 2012-12-16T15:39:52+08:00 ] / | INFO: Tag[ view_parse ] --END-- [ RunTime:0.014556s ]
[ 2012-12-16T15:39:52+08:00 ] / | INFO: Tag[ view_filter ] --START--
[ 2012-12-16T15:39:52+08:00 ] / | INFO: Run ContentReplace Behavior [ RunTime:0.000635s ]
[ 2012-12-16T15:39:52+08:00 ] / | INFO: Run TokenBuild Behavior [ RunTime:0.000452s ]
[ 2012-12-16T15:39:52+08:00 ] / | INFO: Run WriteHtmlCache Behavior [ RunTime:0.000268s ]
[ 2012-12-16T15:39:52+08:00 ] / | INFO: Run ShowRuntime Behavior [ RunTime:0.000467s ]
[ 2012-12-16T15:39:52+08:00 ] / | INFO: Tag[ view_filter ] --END-- [ RunTime:0.002014s ]
[ 2012-12-16T15:39:52+08:00 ] / | INFO: Tag[ view_end ] --START--
[ 2012-12-16T15:39:52+08:00 ] / | INFO: Run ShowPageTrace Behavior [ RunTime:0.001945s ]
[ 2012-12-16T15:39:52+08:00 ] / | INFO: Tag[ view_end ] --END-- [ RunTime:0.002039s ]
[ 2012-12-16T15:40:32+08:00 ] / | INFO: Tag[ app_begin ] --START--
[ 2012-12-16T15:40:32+08:00 ] / | INFO: Run ReadHtmlCache Behavior [ RunTime:0.001783s ]
[ 2012-12-16T15:40:32+08:00 ] / | INFO: Tag[ app_begin ] --END-- [ RunTime:0.001905s ]
[ 2012-12-16T15:40:32+08:00 ] / | SQL: DESCRIBE caidan_menu [ RunTime:0.002551s ]
[ 2012-12-16T15:40:32+08:00 ] / | NOTIC: [8] Undefined index:  Name DbPdo.class.php Á¨¨ 305 Ë°å.
[ 2012-12-16T15:40:32+08:00 ] / | NOTIC: [8] Undefined index:  Name DbPdo.class.php Á¨¨ 305 Ë°å.
[ 2012-12-16T15:40:32+08:00 ] / | NOTIC: [8] Undefined index:  Name DbPdo.class.php Á¨¨ 305 Ë°å.
[ 2012-12-16T15:40:32+08:00 ] / | SQL: select id, name, description from caidan_menu [ RunTime:0.001468s ]
[ 2012-12-16T15:40:32+08:00 ] / | INFO: Tag[ view_template ] --START--
[ 2012-12-16T15:40:32+08:00 ] / | INFO: Run LocationTemplate Behavior [ RunTime:0.001916s ]
[ 2012-12-16T15:40:32+08:00 ] / | INFO: Tag[ view_template ] --END-- [ RunTime:0.002009s ]
[ 2012-12-16T15:40:32+08:00 ] / | INFO: Tag[ view_parse ] --START--
[ 2012-12-16T15:40:32+08:00 ] / | INFO: Run ParseTemplate Behavior [ RunTime:0.021068s ]
[ 2012-12-16T15:40:32+08:00 ] / | INFO: Tag[ view_parse ] --END-- [ RunTime:0.021171s ]
[ 2012-12-16T15:40:32+08:00 ] / | INFO: Tag[ view_filter ] --START--
[ 2012-12-16T15:40:32+08:00 ] / | INFO: Run ContentReplace Behavior [ RunTime:0.001068s ]
[ 2012-12-16T15:40:32+08:00 ] / | INFO: Run TokenBuild Behavior [ RunTime:0.001001s ]
[ 2012-12-16T15:40:32+08:00 ] / | INFO: Run WriteHtmlCache Behavior [ RunTime:0.000895s ]
[ 2012-12-16T15:40:32+08:00 ] / | INFO: Run ShowRuntime Behavior [ RunTime:0.001045s ]
[ 2012-12-16T15:40:32+08:00 ] / | INFO: Tag[ view_filter ] --END-- [ RunTime:0.004186s ]
[ 2012-12-16T15:40:32+08:00 ] / | NOTIC: [2] Cannot modify header information - headers already sent by (output started at F:\AppServ\www\caidan\include\ThinkPHP\Lib\Core\Model.class.php:142) View.class.php Á¨¨ 120 Ë°å.
[ 2012-12-16T15:40:32+08:00 ] / | NOTIC: [2] Cannot modify header information - headers already sent by (output started at F:\AppServ\www\caidan\include\ThinkPHP\Lib\Core\Model.class.php:142) View.class.php Á¨¨ 121 Ë°å.
[ 2012-12-16T15:40:32+08:00 ] / | NOTIC: [2] Cannot modify header information - headers already sent by (output started at F:\AppServ\www\caidan\include\ThinkPHP\Lib\Core\Model.class.php:142) View.class.php Á¨¨ 122 Ë°å.
[ 2012-12-16T15:40:32+08:00 ] / | INFO: Tag[ view_end ] --START--
[ 2012-12-16T15:40:32+08:00 ] / | INFO: Run ShowPageTrace Behavior [ RunTime:0.019816s ]
[ 2012-12-16T15:40:32+08:00 ] / | INFO: Tag[ view_end ] --END-- [ RunTime:0.020385s ]
[ 2012-12-16T15:42:29+08:00 ] / | INFO: Tag[ app_begin ] --START--
[ 2012-12-16T15:42:29+08:00 ] / | INFO: Run ReadHtmlCache Behavior [ RunTime:0.000575s ]
[ 2012-12-16T15:42:29+08:00 ] / | INFO: Tag[ app_begin ] --END-- [ RunTime:0.000684s ]
[ 2012-12-16T15:42:29+08:00 ] / | SQL: DESCRIBE caidan_menu [ RunTime:0.002459s ]
[ 2012-12-16T15:42:29+08:00 ] / | NOTIC: [8] Undefined index:  Name DbPdo.class.php Á¨¨ 305 Ë°å.
[ 2012-12-16T15:42:29+08:00 ] / | NOTIC: [8] Undefined index:  Name DbPdo.class.php Á¨¨ 305 Ë°å.
[ 2012-12-16T15:42:29+08:00 ] / | NOTIC: [8] Undefined index:  Name DbPdo.class.php Á¨¨ 305 Ë°å.
[ 2012-12-16T15:42:29+08:00 ] / | SQL: select id, name, description from caidan_menu [ RunTime:0.001184s ]
[ 2012-12-16T15:42:29+08:00 ] / | INFO: Tag[ view_template ] --START--
[ 2012-12-16T15:42:29+08:00 ] / | INFO: Run LocationTemplate Behavior [ RunTime:0.000485s ]
[ 2012-12-16T15:42:29+08:00 ] / | INFO: Tag[ view_template ] --END-- [ RunTime:0.000545s ]
[ 2012-12-16T15:42:29+08:00 ] / | INFO: Tag[ view_parse ] --START--
[ 2012-12-16T15:42:29+08:00 ] / | INFO: Run ParseTemplate Behavior [ RunTime:0.014077s ]
[ 2012-12-16T15:42:29+08:00 ] / | INFO: Tag[ view_parse ] --END-- [ RunTime:0.014185s ]
[ 2012-12-16T15:42:29+08:00 ] / | INFO: Tag[ view_filter ] --START--
[ 2012-12-16T15:42:29+08:00 ] / | INFO: Run ContentReplace Behavior [ RunTime:0.000512s ]
[ 2012-12-16T15:42:29+08:00 ] / | INFO: Run TokenBuild Behavior [ RunTime:0.000543s ]
[ 2012-12-16T15:42:29+08:00 ] / | INFO: Run WriteHtmlCache Behavior [ RunTime:0.000281s ]
[ 2012-12-16T15:42:29+08:00 ] / | INFO: Run ShowRuntime Behavior [ RunTime:0.000413s ]
[ 2012-12-16T15:42:29+08:00 ] / | INFO: Tag[ view_filter ] --END-- [ RunTime:0.001991s ]
[ 2012-12-16T15:42:29+08:00 ] / | NOTIC: [2] Cannot modify header information - headers already sent by (output started at F:\AppServ\www\caidan\include\ThinkPHP\Lib\Core\Model.class.php:142) View.class.php Á¨¨ 120 Ë°å.
[ 2012-12-16T15:42:29+08:00 ] / | NOTIC: [2] Cannot modify header information - headers already sent by (output started at F:\AppServ\www\caidan\include\ThinkPHP\Lib\Core\Model.class.php:142) View.class.php Á¨¨ 121 Ë°å.
[ 2012-12-16T15:42:29+08:00 ] / | NOTIC: [2] Cannot modify header information - headers already sent by (output started at F:\AppServ\www\caidan\include\ThinkPHP\Lib\Core\Model.class.php:142) View.class.php Á¨¨ 122 Ë°å.
[ 2012-12-16T15:42:29+08:00 ] / | INFO: Tag[ view_end ] --START--
[ 2012-12-16T15:42:29+08:00 ] / | INFO: Run ShowPageTrace Behavior [ RunTime:0.001701s ]
[ 2012-12-16T15:42:29+08:00 ] / | INFO: Tag[ view_end ] --END-- [ RunTime:0.001789s ]
[ 2012-12-16T15:42:58+08:00 ] / | INFO: Tag[ app_begin ] --START--
[ 2012-12-16T15:42:58+08:00 ] / | INFO: Run ReadHtmlCache Behavior [ RunTime:0.001304s ]
[ 2012-12-16T15:42:58+08:00 ] / | INFO: Tag[ app_begin ] --END-- [ RunTime:0.001423s ]
[ 2012-12-16T15:42:58+08:00 ] / | INFO: Tag[ view_template ] --START--
[ 2012-12-16T15:42:58+08:00 ] / | INFO: Run LocationTemplate Behavior [ RunTime:0.002424s ]
[ 2012-12-16T15:42:58+08:00 ] / | INFO: Tag[ view_template ] --END-- [ RunTime:0.002577s ]
[ 2012-12-16T15:42:58+08:00 ] / | INFO: Tag[ view_parse ] --START--
[ 2012-12-16T15:42:58+08:00 ] / | INFO: Run ParseTemplate Behavior [ RunTime:0.020990s ]
[ 2012-12-16T15:42:58+08:00 ] / | INFO: Tag[ view_parse ] --END-- [ RunTime:0.021077s ]
[ 2012-12-16T15:42:58+08:00 ] / | INFO: Tag[ view_filter ] --START--
[ 2012-12-16T15:42:58+08:00 ] / | INFO: Run ContentReplace Behavior [ RunTime:0.001051s ]
[ 2012-12-16T15:42:58+08:00 ] / | INFO: Run TokenBuild Behavior [ RunTime:0.001043s ]
[ 2012-12-16T15:42:58+08:00 ] / | INFO: Run WriteHtmlCache Behavior [ RunTime:0.000854s ]
[ 2012-12-16T15:42:58+08:00 ] / | INFO: Run ShowRuntime Behavior [ RunTime:0.001220s ]
[ 2012-12-16T15:42:58+08:00 ] / | INFO: Tag[ view_filter ] --END-- [ RunTime:0.004353s ]
[ 2012-12-16T15:42:58+08:00 ] / | INFO: Tag[ view_end ] --START--
[ 2012-12-16T15:42:58+08:00 ] / | INFO: Run ShowPageTrace Behavior [ RunTime:0.002430s ]
[ 2012-12-16T15:42:58+08:00 ] / | INFO: Tag[ view_end ] --END-- [ RunTime:0.002496s ]
[ 2012-12-16T15:43:53+08:00 ] / | INFO: Tag[ app_begin ] --START--
[ 2012-12-16T15:43:53+08:00 ] / | INFO: Run ReadHtmlCache Behavior [ RunTime:0.000905s ]
[ 2012-12-16T15:43:53+08:00 ] / | INFO: Tag[ app_begin ] --END-- [ RunTime:0.001053s ]
[ 2012-12-16T15:43:54+08:00 ] / | NOTIC: [8] Memcache::connect() [<a href='function.Memcache-connect'>function.Memcache-connect</a>]: Server 127.0.0.1 (tcp 11211) failed with: ”…”⁄¡¨Ω”∑Ω‘⁄“ª∂Œ ±º‰∫Û√ª”–’˝»∑¥∏¥ªÚ¡¨Ω”µƒ÷˜ª˙√ª”–∑¥”¶£¨¡¨Ω”≥¢ ‘ ß∞‹°£
 (10060) CacheMemcache.class.php Á¨¨ 45 Ë°å.
[ 2012-12-16T15:43:54+08:00 ] / | NOTIC: [2] Memcache::connect() [<a href='function.Memcache-connect'>function.Memcache-connect</a>]: Can't connect to 127.0.0.1:11211, ”…”⁄¡¨Ω”∑Ω‘⁄“ª∂Œ ±º‰∫Û√ª”–’˝»∑¥∏¥ªÚ¡¨Ω”µƒ÷˜ª˙√ª”–∑¥”¶£¨¡¨Ω”≥¢ ‘ ß∞‹°£
 (10060) CacheMemcache.class.php Á¨¨ 45 Ë°å.
[ 2012-12-16T15:43:54+08:00 ] / | NOTIC: [2] Memcache::get() [<a href='function.Memcache-get'>function.Memcache-get</a>]: Failed to extract 'connection' variable from object CacheMemcache.class.php Á¨¨ 75 Ë°å.
[ 2012-12-16T15:43:54+08:00 ] / | SQL: DESCRIBE caidan_menu [ RunTime:0.005113s ]
[ 2012-12-16T15:43:54+08:00 ] / | NOTIC: [8] Undefined index:  Name DbPdo.class.php Á¨¨ 305 Ë°å.
[ 2012-12-16T15:43:54+08:00 ] / | NOTIC: [8] Undefined index:  Name DbPdo.class.php Á¨¨ 305 Ë°å.
[ 2012-12-16T15:43:54+08:00 ] / | NOTIC: [8] Undefined index:  Name DbPdo.class.php Á¨¨ 305 Ë°å.
[ 2012-12-16T15:43:54+08:00 ] / | SQL: select id, name, description from caidan_menu [ RunTime:0.003550s ]
[ 2012-12-16T15:43:54+08:00 ] / | NOTIC: [2] Memcache::set() [<a href='function.Memcache-set'>function.Memcache-set</a>]: Failed to extract 'connection' variable from object CacheMemcache.class.php Á¨¨ 96 Ë°å.
[ 2012-12-16T15:43:54+08:00 ] / | INFO: Tag[ view_template ] --START--
[ 2012-12-16T15:43:54+08:00 ] / | INFO: Run LocationTemplate Behavior [ RunTime:0.000990s ]
[ 2012-12-16T15:43:54+08:00 ] / | INFO: Tag[ view_template ] --END-- [ RunTime:0.001131s ]
[ 2012-12-16T15:43:54+08:00 ] / | INFO: Tag[ view_parse ] --START--
[ 2012-12-16T15:43:54+08:00 ] / | INFO: Run ParseTemplate Behavior [ RunTime:0.017752s ]
[ 2012-12-16T15:43:54+08:00 ] / | INFO: Tag[ view_parse ] --END-- [ RunTime:0.017881s ]
[ 2012-12-16T15:43:54+08:00 ] / | INFO: Tag[ view_filter ] --START--
[ 2012-12-16T15:43:54+08:00 ] / | INFO: Run ContentReplace Behavior [ RunTime:0.000448s ]
[ 2012-12-16T15:43:54+08:00 ] / | INFO: Run TokenBuild Behavior [ RunTime:0.000443s ]
[ 2012-12-16T15:43:54+08:00 ] / | INFO: Run WriteHtmlCache Behavior [ RunTime:0.000282s ]
[ 2012-12-16T15:43:54+08:00 ] / | INFO: Run ShowRuntime Behavior [ RunTime:0.000528s ]
[ 2012-12-16T15:43:54+08:00 ] / | INFO: Tag[ view_filter ] --END-- [ RunTime:0.001894s ]
[ 2012-12-16T15:43:54+08:00 ] / | INFO: Tag[ view_end ] --START--
[ 2012-12-16T15:43:54+08:00 ] / | INFO: Run ShowPageTrace Behavior [ RunTime:0.002141s ]
[ 2012-12-16T15:43:54+08:00 ] / | INFO: Tag[ view_end ] --END-- [ RunTime:0.002248s ]
