[ 2013-01-04T15:02:02+08:00 ] / | ERR: (ThinkException) SQLSTATE[42000] [1049] Unknown database 'caidan'
[ 2013-01-04T15:03:33+08:00 ] / | INFO: Tag[ app_begin ] --START--
[ 2013-01-04T15:03:33+08:00 ] / | INFO: Run ReadHtmlCache Behavior [ RunTime:0.003231s ]
[ 2013-01-04T15:03:33+08:00 ] / | INFO: Tag[ app_begin ] --END-- [ RunTime:0.003351s ]
[ 2013-01-04T15:03:33+08:00 ] / | INFO: Tag[ view_template ] --START--
[ 2013-01-04T15:03:33+08:00 ] / | INFO: Run LocationTemplate Behavior [ RunTime:0.030821s ]
[ 2013-01-04T15:03:33+08:00 ] / | INFO: Tag[ view_template ] --END-- [ RunTime:0.030922s ]
[ 2013-01-04T15:03:33+08:00 ] / | INFO: Tag[ view_parse ] --START--
[ 2013-01-04T15:03:33+08:00 ] / | NOTIC: [2] filemtime() [<a href='function.filemtime'>function.filemtime</a>]: stat failed for ../www/Runtime/temp\160f9cd63705b9e66936cd20cb41b6d9c4353857.file.header.html.php smarty_resource.php 第 720 行.
[ 2013-01-04T15:03:33+08:00 ] / | NOTIC: [2] unlink(../www/Runtime/temp\160f9cd63705b9e66936cd20cb41b6d9c4353857.file.header.html.php) [<a href='function.unlink'>function.unlink</a>]: No such file or directory smarty_internal_write_file.php 第 57 行.
[ 2013-01-04T15:03:33+08:00 ] / | INFO: Run ParseTemplate Behavior [ RunTime:0.363463s ]
[ 2013-01-04T15:03:33+08:00 ] / | INFO: Tag[ view_parse ] --END-- [ RunTime:0.363560s ]
[ 2013-01-04T15:03:33+08:00 ] / | INFO: Tag[ view_filter ] --START--
[ 2013-01-04T15:03:33+08:00 ] / | INFO: Run ContentReplace Behavior [ RunTime:0.010300s ]
[ 2013-01-04T15:03:33+08:00 ] / | INFO: Run TokenBuild Behavior [ RunTime:0.025925s ]
[ 2013-01-04T15:03:33+08:00 ] / | INFO: Run WriteHtmlCache Behavior [ RunTime:0.003101s ]
[ 2013-01-04T15:03:33+08:00 ] / | INFO: Run ShowRuntime Behavior [ RunTime:0.004054s ]
[ 2013-01-04T15:03:33+08:00 ] / | INFO: Tag[ view_filter ] --END-- [ RunTime:0.043649s ]
[ 2013-01-04T15:03:33+08:00 ] / | INFO: Tag[ view_end ] --START--
[ 2013-01-04T15:03:33+08:00 ] / | INFO: Run ShowPageTrace Behavior [ RunTime:0.006966s ]
[ 2013-01-04T15:03:33+08:00 ] / | INFO: Tag[ view_end ] --END-- [ RunTime:0.007095s ]
[ 2013-01-04T15:03:53+08:00 ] / | INFO: Tag[ app_begin ] --START--
[ 2013-01-04T15:03:53+08:00 ] / | INFO: Run ReadHtmlCache Behavior [ RunTime:0.002534s ]
[ 2013-01-04T15:03:53+08:00 ] / | INFO: Tag[ app_begin ] --END-- [ RunTime:0.002683s ]
[ 2013-01-04T15:03:53+08:00 ] / | INFO: Tag[ view_template ] --START--
[ 2013-01-04T15:03:53+08:00 ] / | INFO: Run LocationTemplate Behavior [ RunTime:0.002071s ]
[ 2013-01-04T15:03:53+08:00 ] / | INFO: Tag[ view_template ] --END-- [ RunTime:0.002174s ]
[ 2013-01-04T15:03:53+08:00 ] / | INFO: Tag[ view_parse ] --START--
[ 2013-01-04T15:03:53+08:00 ] / | INFO: Run ParseTemplate Behavior [ RunTime:0.031940s ]
[ 2013-01-04T15:03:53+08:00 ] / | INFO: Tag[ view_parse ] --END-- [ RunTime:0.032020s ]
[ 2013-01-04T15:03:53+08:00 ] / | INFO: Tag[ view_filter ] --START--
[ 2013-01-04T15:03:53+08:00 ] / | INFO: Run ContentReplace Behavior [ RunTime:0.000539s ]
[ 2013-01-04T15:03:53+08:00 ] / | INFO: Run TokenBuild Behavior [ RunTime:0.000538s ]
[ 2013-01-04T15:03:53+08:00 ] / | INFO: Run WriteHtmlCache Behavior [ RunTime:0.000428s ]
[ 2013-01-04T15:03:53+08:00 ] / | INFO: Run ShowRuntime Behavior [ RunTime:0.000669s ]
[ 2013-01-04T15:03:53+08:00 ] / | INFO: Tag[ view_filter ] --END-- [ RunTime:0.002354s ]
[ 2013-01-04T15:03:53+08:00 ] / | INFO: Tag[ view_end ] --START--
[ 2013-01-04T15:03:53+08:00 ] / | INFO: Run ShowPageTrace Behavior [ RunTime:0.003155s ]
[ 2013-01-04T15:03:53+08:00 ] / | INFO: Tag[ view_end ] --END-- [ RunTime:0.003264s ]
[ 2013-01-04T15:05:11+08:00 ] / | INFO: Tag[ app_begin ] --START--
[ 2013-01-04T15:05:11+08:00 ] / | INFO: Run ReadHtmlCache Behavior [ RunTime:0.001613s ]
[ 2013-01-04T15:05:11+08:00 ] / | INFO: Tag[ app_begin ] --END-- [ RunTime:0.001813s ]
[ 2013-01-04T15:07:37+08:00 ] / | INFO: Tag[ app_begin ] --START--
[ 2013-01-04T15:07:37+08:00 ] / | INFO: Run ReadHtmlCache Behavior [ RunTime:0.002042s ]
[ 2013-01-04T15:07:37+08:00 ] / | INFO: Tag[ app_begin ] --END-- [ RunTime:0.002197s ]
[ 2013-01-04T15:07:37+08:00 ] / | INFO: Tag[ view_template ] --START--
[ 2013-01-04T15:07:37+08:00 ] / | INFO: Run LocationTemplate Behavior [ RunTime:0.002180s ]
[ 2013-01-04T15:07:37+08:00 ] / | INFO: Tag[ view_template ] --END-- [ RunTime:0.002302s ]
[ 2013-01-04T15:07:37+08:00 ] / | INFO: Tag[ view_parse ] --START--
[ 2013-01-04T15:07:37+08:00 ] / | INFO: Run ParseTemplate Behavior [ RunTime:0.033042s ]
[ 2013-01-04T15:07:37+08:00 ] / | INFO: Tag[ view_parse ] --END-- [ RunTime:0.033140s ]
[ 2013-01-04T15:07:37+08:00 ] / | INFO: Tag[ view_filter ] --START--
[ 2013-01-04T15:07:37+08:00 ] / | INFO: Run ContentReplace Behavior [ RunTime:0.001817s ]
[ 2013-01-04T15:07:37+08:00 ] / | INFO: Run TokenBuild Behavior [ RunTime:0.001953s ]
[ 2013-01-04T15:07:37+08:00 ] / | INFO: Run WriteHtmlCache Behavior [ RunTime:0.001686s ]
[ 2013-01-04T15:07:37+08:00 ] / | INFO: Run ShowRuntime Behavior [ RunTime:0.002109s ]
[ 2013-01-04T15:07:37+08:00 ] / | INFO: Tag[ view_filter ] --END-- [ RunTime:0.007780s ]
[ 2013-01-04T15:07:37+08:00 ] / | INFO: Tag[ view_end ] --START--
[ 2013-01-04T15:07:37+08:00 ] / | INFO: Run ShowPageTrace Behavior [ RunTime:0.005503s ]
[ 2013-01-04T15:07:37+08:00 ] / | INFO: Tag[ view_end ] --END-- [ RunTime:0.005633s ]
[ 2013-01-04T15:11:20+08:00 ] / | INFO: Tag[ app_begin ] --START--
[ 2013-01-04T15:11:20+08:00 ] / | INFO: Run ReadHtmlCache Behavior [ RunTime:0.002027s ]
[ 2013-01-04T15:11:20+08:00 ] / | INFO: Tag[ app_begin ] --END-- [ RunTime:0.002131s ]
[ 2013-01-04T15:46:24+08:00 ] /?m=index&a=index | ERR: (ThinkException) 无法加载模块index
[ 2013-01-04T15:46:55+08:00 ] /?m=index&a=Index | ERR: (ThinkException) 无法加载模块index
[ 2013-01-04T15:47:25+08:00 ] /?m=index&a=index | ERR: (ThinkException) 无法加载模块index
[ 2013-01-04T15:48:14+08:00 ] /index.php?m=index&a=index | ERR: (ThinkException) 无法加载模块index
[ 2013-01-04T15:48:37+08:00 ] /index.php/index/index | ERR: (ThinkException) 无法加载模块index
[ 2013-01-04T15:50:08+08:00 ] /index.php/index/index | ERR: (ThinkException) 无法加载模块index
[ 2013-01-04T15:50:10+08:00 ] /index.php/index/index | ERR: (ThinkException) 无法加载模块index
[ 2013-01-04T15:50:24+08:00 ] /index.php/index | ERR: (ThinkException) 无法加载模块index
[ 2013-01-04T15:50:33+08:00 ] /index.php | INFO: Tag[ app_begin ] --START--
[ 2013-01-04T15:50:33+08:00 ] /index.php | INFO: Run ReadHtmlCache Behavior [ RunTime:0.001214s ]
[ 2013-01-04T15:50:33+08:00 ] /index.php | INFO: Tag[ app_begin ] --END-- [ RunTime:0.001349s ]
[ 2013-01-04T15:50:44+08:00 ] /index.php?m=index&a=index | ERR: (ThinkException) 无法加载模块index
[ 2013-01-04T15:52:31+08:00 ] /index.php/index/index | ERR: (ThinkException) 无法加载模块index
[ 2013-01-04T15:52:36+08:00 ] /index.php/Index/index | INFO: Tag[ route_check ] --START--
[ 2013-01-04T15:52:36+08:00 ] /index.php/Index/index | INFO: Run CheckRoute Behavior [ RunTime:0.001150s ]
[ 2013-01-04T15:52:36+08:00 ] /index.php/Index/index | INFO: Tag[ route_check ] --END-- [ RunTime:0.001282s ]
[ 2013-01-04T15:52:36+08:00 ] /index.php/Index/index | INFO: Tag[ app_begin ] --START--
[ 2013-01-04T15:52:36+08:00 ] /index.php/Index/index | INFO: Run ReadHtmlCache Behavior [ RunTime:0.000796s ]
[ 2013-01-04T15:52:36+08:00 ] /index.php/Index/index | INFO: Tag[ app_begin ] --END-- [ RunTime:0.000851s ]
[ 2013-01-04T16:12:22+08:00 ] /caidan/root/ | INFO: Tag[ app_begin ] --START--
[ 2013-01-04T16:12:22+08:00 ] /caidan/root/ | INFO: Run ReadHtmlCache Behavior [ RunTime:0.002689s ]
[ 2013-01-04T16:12:22+08:00 ] /caidan/root/ | INFO: Tag[ app_begin ] --END-- [ RunTime:0.002895s ]
[ 2013-01-04T16:19:32+08:00 ] /caidan/root/ | INFO: Tag[ app_begin ] --START--
[ 2013-01-04T16:19:32+08:00 ] /caidan/root/ | INFO: Run ReadHtmlCache Behavior [ RunTime:0.002940s ]
[ 2013-01-04T16:19:32+08:00 ] /caidan/root/ | INFO: Tag[ app_begin ] --END-- [ RunTime:0.003123s ]
[ 2013-01-04T16:22:00+08:00 ] /caidan/root/index.php | INFO: Tag[ app_begin ] --START--
[ 2013-01-04T16:22:00+08:00 ] /caidan/root/index.php | INFO: Run ReadHtmlCache Behavior [ RunTime:0.003551s ]
[ 2013-01-04T16:22:00+08:00 ] /caidan/root/index.php | INFO: Tag[ app_begin ] --END-- [ RunTime:0.003772s ]
[ 2013-01-04T16:26:58+08:00 ] /caidan/root/index.php/index | ERR: (ThinkException) 无法加载模块index
[ 2013-01-04T16:27:03+08:00 ] /caidan/root/index.php/Index | INFO: Tag[ route_check ] --START--
[ 2013-01-04T16:27:03+08:00 ] /caidan/root/index.php/Index | INFO: Run CheckRoute Behavior [ RunTime:0.003049s ]
[ 2013-01-04T16:27:03+08:00 ] /caidan/root/index.php/Index | INFO: Tag[ route_check ] --END-- [ RunTime:0.003258s ]
[ 2013-01-04T16:27:03+08:00 ] /caidan/root/index.php/Index | INFO: Tag[ app_begin ] --START--
[ 2013-01-04T16:27:03+08:00 ] /caidan/root/index.php/Index | INFO: Run ReadHtmlCache Behavior [ RunTime:0.002686s ]
[ 2013-01-04T16:27:03+08:00 ] /caidan/root/index.php/Index | INFO: Tag[ app_begin ] --END-- [ RunTime:0.002799s ]
[ 2013-01-04T16:28:57+08:00 ] /caidan/root/index.php/Index | INFO: Tag[ route_check ] --START--
[ 2013-01-04T16:28:57+08:00 ] /caidan/root/index.php/Index | INFO: Run CheckRoute Behavior [ RunTime:0.004945s ]
[ 2013-01-04T16:28:57+08:00 ] /caidan/root/index.php/Index | INFO: Tag[ route_check ] --END-- [ RunTime:0.005209s ]
[ 2013-01-04T16:28:57+08:00 ] /caidan/root/index.php/Index | INFO: Tag[ app_begin ] --START--
[ 2013-01-04T16:28:57+08:00 ] /caidan/root/index.php/Index | INFO: Run ReadHtmlCache Behavior [ RunTime:0.003836s ]
[ 2013-01-04T16:28:57+08:00 ] /caidan/root/index.php/Index | INFO: Tag[ app_begin ] --END-- [ RunTime:0.004053s ]
[ 2013-01-04T16:28:57+08:00 ] /caidan/root/index.php/Index | INFO: Tag[ view_template ] --START--
[ 2013-01-04T16:28:57+08:00 ] /caidan/root/index.php/Index | INFO: Run LocationTemplate Behavior [ RunTime:0.005320s ]
[ 2013-01-04T16:28:57+08:00 ] /caidan/root/index.php/Index | INFO: Tag[ view_template ] --END-- [ RunTime:0.005521s ]
[ 2013-01-04T16:28:57+08:00 ] /caidan/root/index.php/Index | INFO: Tag[ view_parse ] --START--
[ 2013-01-04T16:28:57+08:00 ] /caidan/root/index.php/Index | NOTIC: [2] filemtime() [<a href='function.filemtime'>function.filemtime</a>]: stat failed for ../www/Runtime/temp\ad8e59ce47dbfcaa1997cb1f97ce44a4df067d64.file.header.html.php smarty_resource.php 第 720 行.
[ 2013-01-04T16:28:57+08:00 ] /caidan/root/index.php/Index | NOTIC: [2] unlink(../www/Runtime/temp\ad8e59ce47dbfcaa1997cb1f97ce44a4df067d64.file.header.html.php) [<a href='function.unlink'>function.unlink</a>]: No such file or directory smarty_internal_write_file.php 第 57 行.
[ 2013-01-04T16:28:57+08:00 ] /caidan/root/index.php/Index | INFO: Run ParseTemplate Behavior [ RunTime:0.061972s ]
[ 2013-01-04T16:28:57+08:00 ] /caidan/root/index.php/Index | INFO: Tag[ view_parse ] --END-- [ RunTime:0.062113s ]
[ 2013-01-04T16:28:57+08:00 ] /caidan/root/index.php/Index | INFO: Tag[ view_filter ] --START--
[ 2013-01-04T16:28:57+08:00 ] /caidan/root/index.php/Index | INFO: Run ContentReplace Behavior [ RunTime:0.001300s ]
[ 2013-01-04T16:28:57+08:00 ] /caidan/root/index.php/Index | INFO: Run TokenBuild Behavior [ RunTime:0.001267s ]
[ 2013-01-04T16:28:57+08:00 ] /caidan/root/index.php/Index | INFO: Run WriteHtmlCache Behavior [ RunTime:0.001115s ]
[ 2013-01-04T16:28:57+08:00 ] /caidan/root/index.php/Index | INFO: Run ShowRuntime Behavior [ RunTime:0.001368s ]
[ 2013-01-04T16:28:57+08:00 ] /caidan/root/index.php/Index | INFO: Tag[ view_filter ] --END-- [ RunTime:0.005285s ]
[ 2013-01-04T16:28:57+08:00 ] /caidan/root/index.php/Index | NOTIC: [2] Cannot modify header information - headers already sent by (output started at D:\jess\caidan\www\Lib\Action\IndexAction.class.php:7) View.class.php 第 120 行.
[ 2013-01-04T16:28:57+08:00 ] /caidan/root/index.php/Index | NOTIC: [2] Cannot modify header information - headers already sent by (output started at D:\jess\caidan\www\Lib\Action\IndexAction.class.php:7) View.class.php 第 121 行.
[ 2013-01-04T16:28:57+08:00 ] /caidan/root/index.php/Index | NOTIC: [2] Cannot modify header information - headers already sent by (output started at D:\jess\caidan\www\Lib\Action\IndexAction.class.php:7) View.class.php 第 122 行.
[ 2013-01-04T16:28:57+08:00 ] /caidan/root/index.php/Index | INFO: Tag[ view_end ] --START--
[ 2013-01-04T16:28:57+08:00 ] /caidan/root/index.php/Index | INFO: Run ShowPageTrace Behavior [ RunTime:0.004041s ]
[ 2013-01-04T16:28:57+08:00 ] /caidan/root/index.php/Index | INFO: Tag[ view_end ] --END-- [ RunTime:0.004153s ]
[ 2013-01-04T16:32:40+08:00 ] /caidan/root/index.php/Index | INFO: Tag[ route_check ] --START--
[ 2013-01-04T16:32:40+08:00 ] /caidan/root/index.php/Index | INFO: Run CheckRoute Behavior [ RunTime:0.004048s ]
[ 2013-01-04T16:32:40+08:00 ] /caidan/root/index.php/Index | INFO: Tag[ route_check ] --END-- [ RunTime:0.004273s ]
[ 2013-01-04T16:32:40+08:00 ] /caidan/root/index.php/Index | INFO: Tag[ app_begin ] --START--
[ 2013-01-04T16:32:40+08:00 ] /caidan/root/index.php/Index | INFO: Run ReadHtmlCache Behavior [ RunTime:0.001584s ]
[ 2013-01-04T16:32:40+08:00 ] /caidan/root/index.php/Index | INFO: Tag[ app_begin ] --END-- [ RunTime:0.001689s ]
[ 2013-01-04T16:32:42+08:00 ] /caidan/root/index.php/Index | INFO: Tag[ route_check ] --START--
[ 2013-01-04T16:32:42+08:00 ] /caidan/root/index.php/Index | INFO: Run CheckRoute Behavior [ RunTime:0.001437s ]
[ 2013-01-04T16:32:42+08:00 ] /caidan/root/index.php/Index | INFO: Tag[ route_check ] --END-- [ RunTime:0.001587s ]
[ 2013-01-04T16:32:42+08:00 ] /caidan/root/index.php/Index | INFO: Tag[ app_begin ] --START--
[ 2013-01-04T16:32:42+08:00 ] /caidan/root/index.php/Index | INFO: Run ReadHtmlCache Behavior [ RunTime:0.000717s ]
[ 2013-01-04T16:32:42+08:00 ] /caidan/root/index.php/Index | INFO: Tag[ app_begin ] --END-- [ RunTime:0.000825s ]
[ 2013-01-04T16:32:43+08:00 ] /caidan/root/index.php/Index | INFO: Tag[ route_check ] --START--
[ 2013-01-04T16:32:43+08:00 ] /caidan/root/index.php/Index | INFO: Run CheckRoute Behavior [ RunTime:0.001157s ]
[ 2013-01-04T16:32:43+08:00 ] /caidan/root/index.php/Index | INFO: Tag[ route_check ] --END-- [ RunTime:0.001336s ]
[ 2013-01-04T16:32:43+08:00 ] /caidan/root/index.php/Index | INFO: Tag[ app_begin ] --START--
[ 2013-01-04T16:32:43+08:00 ] /caidan/root/index.php/Index | INFO: Run ReadHtmlCache Behavior [ RunTime:0.000690s ]
[ 2013-01-04T16:32:43+08:00 ] /caidan/root/index.php/Index | INFO: Tag[ app_begin ] --END-- [ RunTime:0.000771s ]
[ 2013-01-04T16:32:51+08:00 ] /caidan/root/index.php/Index | INFO: Tag[ route_check ] --START--
[ 2013-01-04T16:32:51+08:00 ] /caidan/root/index.php/Index | INFO: Run CheckRoute Behavior [ RunTime:0.001179s ]
[ 2013-01-04T16:32:51+08:00 ] /caidan/root/index.php/Index | INFO: Tag[ route_check ] --END-- [ RunTime:0.001332s ]
[ 2013-01-04T16:32:51+08:00 ] /caidan/root/index.php/Index | INFO: Tag[ app_begin ] --START--
[ 2013-01-04T16:32:51+08:00 ] /caidan/root/index.php/Index | INFO: Run ReadHtmlCache Behavior [ RunTime:0.000735s ]
[ 2013-01-04T16:32:51+08:00 ] /caidan/root/index.php/Index | INFO: Tag[ app_begin ] --END-- [ RunTime:0.000821s ]
[ 2013-01-04T16:32:51+08:00 ] /caidan/root/index.php/Index | INFO: Tag[ view_template ] --START--
[ 2013-01-04T16:32:51+08:00 ] /caidan/root/index.php/Index | INFO: Run LocationTemplate Behavior [ RunTime:0.002290s ]
[ 2013-01-04T16:32:51+08:00 ] /caidan/root/index.php/Index | INFO: Tag[ view_template ] --END-- [ RunTime:0.002422s ]
[ 2013-01-04T16:32:51+08:00 ] /caidan/root/index.php/Index | INFO: Tag[ view_parse ] --START--
[ 2013-01-04T16:32:51+08:00 ] /caidan/root/index.php/Index | INFO: Run ParseTemplate Behavior [ RunTime:0.036515s ]
[ 2013-01-04T16:32:51+08:00 ] /caidan/root/index.php/Index | INFO: Tag[ view_parse ] --END-- [ RunTime:0.036642s ]
[ 2013-01-04T16:32:51+08:00 ] /caidan/root/index.php/Index | INFO: Tag[ view_filter ] --START--
[ 2013-01-04T16:32:51+08:00 ] /caidan/root/index.php/Index | INFO: Run ContentReplace Behavior [ RunTime:0.001330s ]
[ 2013-01-04T16:32:51+08:00 ] /caidan/root/index.php/Index | INFO: Run TokenBuild Behavior [ RunTime:0.003428s ]
[ 2013-01-04T16:32:51+08:00 ] /caidan/root/index.php/Index | INFO: Run WriteHtmlCache Behavior [ RunTime:0.002045s ]
[ 2013-01-04T16:32:51+08:00 ] /caidan/root/index.php/Index | INFO: Run ShowRuntime Behavior [ RunTime:0.002067s ]
[ 2013-01-04T16:32:51+08:00 ] /caidan/root/index.php/Index | INFO: Tag[ view_filter ] --END-- [ RunTime:0.009293s ]
[ 2013-01-04T16:32:51+08:00 ] /caidan/root/index.php/Index | NOTIC: [2] Cannot modify header information - headers already sent by (output started at D:\jess\caidan\www\Lib\Action\IndexAction.class.php:7) View.class.php 第 120 行.
[ 2013-01-04T16:32:51+08:00 ] /caidan/root/index.php/Index | NOTIC: [2] Cannot modify header information - headers already sent by (output started at D:\jess\caidan\www\Lib\Action\IndexAction.class.php:7) View.class.php 第 121 行.
[ 2013-01-04T16:32:51+08:00 ] /caidan/root/index.php/Index | NOTIC: [2] Cannot modify header information - headers already sent by (output started at D:\jess\caidan\www\Lib\Action\IndexAction.class.php:7) View.class.php 第 122 行.
[ 2013-01-04T16:32:51+08:00 ] /caidan/root/index.php/Index | INFO: Tag[ view_end ] --START--
[ 2013-01-04T16:32:51+08:00 ] /caidan/root/index.php/Index | INFO: Run ShowPageTrace Behavior [ RunTime:0.004274s ]
[ 2013-01-04T16:32:51+08:00 ] /caidan/root/index.php/Index | INFO: Tag[ view_end ] --END-- [ RunTime:0.004444s ]
[ 2013-01-04T16:33:11+08:00 ] /caidan/root/index.php/Index | INFO: Tag[ route_check ] --START--
[ 2013-01-04T16:33:11+08:00 ] /caidan/root/index.php/Index | INFO: Run CheckRoute Behavior [ RunTime:0.001093s ]
[ 2013-01-04T16:33:11+08:00 ] /caidan/root/index.php/Index | INFO: Tag[ route_check ] --END-- [ RunTime:0.001266s ]
[ 2013-01-04T16:33:11+08:00 ] /caidan/root/index.php/Index | INFO: Tag[ app_begin ] --START--
[ 2013-01-04T16:33:11+08:00 ] /caidan/root/index.php/Index | INFO: Run ReadHtmlCache Behavior [ RunTime:0.000698s ]
[ 2013-01-04T16:33:11+08:00 ] /caidan/root/index.php/Index | INFO: Tag[ app_begin ] --END-- [ RunTime:0.000786s ]
[ 2013-01-04T16:33:11+08:00 ] /caidan/root/index.php/Index | INFO: Tag[ view_template ] --START--
[ 2013-01-04T16:33:11+08:00 ] /caidan/root/index.php/Index | INFO: Run LocationTemplate Behavior [ RunTime:0.000454s ]
[ 2013-01-04T16:33:11+08:00 ] /caidan/root/index.php/Index | INFO: Tag[ view_template ] --END-- [ RunTime:0.000544s ]
[ 2013-01-04T16:33:11+08:00 ] /caidan/root/index.php/Index | INFO: Tag[ view_parse ] --START--
[ 2013-01-04T16:33:11+08:00 ] /caidan/root/index.php/Index | INFO: Run ParseTemplate Behavior [ RunTime:0.083048s ]
[ 2013-01-04T16:33:11+08:00 ] /caidan/root/index.php/Index | INFO: Tag[ view_parse ] --END-- [ RunTime:0.083174s ]
[ 2013-01-04T16:33:11+08:00 ] /caidan/root/index.php/Index | INFO: Tag[ view_filter ] --START--
[ 2013-01-04T16:33:11+08:00 ] /caidan/root/index.php/Index | INFO: Run ContentReplace Behavior [ RunTime:0.001232s ]
[ 2013-01-04T16:33:11+08:00 ] /caidan/root/index.php/Index | INFO: Run TokenBuild Behavior [ RunTime:0.001274s ]
[ 2013-01-04T16:33:11+08:00 ] /caidan/root/index.php/Index | INFO: Run WriteHtmlCache Behavior [ RunTime:0.001093s ]
[ 2013-01-04T16:33:11+08:00 ] /caidan/root/index.php/Index | INFO: Run ShowRuntime Behavior [ RunTime:0.001563s ]
[ 2013-01-04T16:33:11+08:00 ] /caidan/root/index.php/Index | INFO: Tag[ view_filter ] --END-- [ RunTime:0.005413s ]
[ 2013-01-04T16:33:11+08:00 ] /caidan/root/index.php/Index | NOTIC: [2] Cannot modify header information - headers already sent by (output started at D:\jess\caidan\www\Lib\Action\IndexAction.class.php:7) View.class.php 第 120 行.
[ 2013-01-04T16:33:11+08:00 ] /caidan/root/index.php/Index | NOTIC: [2] Cannot modify header information - headers already sent by (output started at D:\jess\caidan\www\Lib\Action\IndexAction.class.php:7) View.class.php 第 121 行.
[ 2013-01-04T16:33:11+08:00 ] /caidan/root/index.php/Index | NOTIC: [2] Cannot modify header information - headers already sent by (output started at D:\jess\caidan\www\Lib\Action\IndexAction.class.php:7) View.class.php 第 122 行.
[ 2013-01-04T16:33:11+08:00 ] /caidan/root/index.php/Index | INFO: Tag[ view_end ] --START--
[ 2013-01-04T16:33:11+08:00 ] /caidan/root/index.php/Index | INFO: Run ShowPageTrace Behavior [ RunTime:0.006991s ]
[ 2013-01-04T16:33:11+08:00 ] /caidan/root/index.php/Index | INFO: Tag[ view_end ] --END-- [ RunTime:0.007268s ]
[ 2013-01-04T16:33:12+08:00 ] /caidan/root/index.php/Index | INFO: Tag[ route_check ] --START--
[ 2013-01-04T16:33:12+08:00 ] /caidan/root/index.php/Index | INFO: Run CheckRoute Behavior [ RunTime:0.002554s ]
[ 2013-01-04T16:33:12+08:00 ] /caidan/root/index.php/Index | INFO: Tag[ route_check ] --END-- [ RunTime:0.002755s ]
[ 2013-01-04T16:33:12+08:00 ] /caidan/root/index.php/Index | INFO: Tag[ app_begin ] --START--
[ 2013-01-04T16:33:12+08:00 ] /caidan/root/index.php/Index | INFO: Run ReadHtmlCache Behavior [ RunTime:0.001575s ]
[ 2013-01-04T16:33:12+08:00 ] /caidan/root/index.php/Index | INFO: Tag[ app_begin ] --END-- [ RunTime:0.001672s ]
[ 2013-01-04T16:33:12+08:00 ] /caidan/root/index.php/Index | INFO: Tag[ view_template ] --START--
[ 2013-01-04T16:33:12+08:00 ] /caidan/root/index.php/Index | INFO: Run LocationTemplate Behavior [ RunTime:0.004481s ]
[ 2013-01-04T16:33:12+08:00 ] /caidan/root/index.php/Index | INFO: Tag[ view_template ] --END-- [ RunTime:0.004712s ]
[ 2013-01-04T16:33:12+08:00 ] /caidan/root/index.php/Index | INFO: Tag[ view_parse ] --START--
[ 2013-01-04T16:33:12+08:00 ] /caidan/root/index.php/Index | INFO: Run ParseTemplate Behavior [ RunTime:0.030816s ]
[ 2013-01-04T16:33:12+08:00 ] /caidan/root/index.php/Index | INFO: Tag[ view_parse ] --END-- [ RunTime:0.030966s ]
[ 2013-01-04T16:33:12+08:00 ] /caidan/root/index.php/Index | INFO: Tag[ view_filter ] --START--
[ 2013-01-04T16:33:12+08:00 ] /caidan/root/index.php/Index | INFO: Run ContentReplace Behavior [ RunTime:0.000494s ]
[ 2013-01-04T16:33:12+08:00 ] /caidan/root/index.php/Index | INFO: Run TokenBuild Behavior [ RunTime:0.000471s ]
[ 2013-01-04T16:33:12+08:00 ] /caidan/root/index.php/Index | INFO: Run WriteHtmlCache Behavior [ RunTime:0.000470s ]
[ 2013-01-04T16:33:12+08:00 ] /caidan/root/index.php/Index | INFO: Run ShowRuntime Behavior [ RunTime:0.000632s ]
[ 2013-01-04T16:33:12+08:00 ] /caidan/root/index.php/Index | INFO: Tag[ view_filter ] --END-- [ RunTime:0.002315s ]
[ 2013-01-04T16:33:12+08:00 ] /caidan/root/index.php/Index | NOTIC: [2] Cannot modify header information - headers already sent by (output started at D:\jess\caidan\www\Lib\Action\IndexAction.class.php:7) View.class.php 第 120 行.
[ 2013-01-04T16:33:12+08:00 ] /caidan/root/index.php/Index | NOTIC: [2] Cannot modify header information - headers already sent by (output started at D:\jess\caidan\www\Lib\Action\IndexAction.class.php:7) View.class.php 第 121 行.
[ 2013-01-04T16:33:12+08:00 ] /caidan/root/index.php/Index | NOTIC: [2] Cannot modify header information - headers already sent by (output started at D:\jess\caidan\www\Lib\Action\IndexAction.class.php:7) View.class.php 第 122 行.
[ 2013-01-04T16:33:12+08:00 ] /caidan/root/index.php/Index | INFO: Tag[ view_end ] --START--
[ 2013-01-04T16:33:12+08:00 ] /caidan/root/index.php/Index | INFO: Run ShowPageTrace Behavior [ RunTime:0.002024s ]
[ 2013-01-04T16:33:12+08:00 ] /caidan/root/index.php/Index | INFO: Tag[ view_end ] --END-- [ RunTime:0.002133s ]
[ 2013-01-04T16:33:13+08:00 ] /caidan/root/index.php/Index | INFO: Tag[ route_check ] --START--
[ 2013-01-04T16:33:13+08:00 ] /caidan/root/index.php/Index | INFO: Run CheckRoute Behavior [ RunTime:0.001030s ]
[ 2013-01-04T16:33:13+08:00 ] /caidan/root/index.php/Index | INFO: Tag[ route_check ] --END-- [ RunTime:0.001170s ]
[ 2013-01-04T16:33:13+08:00 ] /caidan/root/index.php/Index | INFO: Tag[ app_begin ] --START--
[ 2013-01-04T16:33:13+08:00 ] /caidan/root/index.php/Index | INFO: Run ReadHtmlCache Behavior [ RunTime:0.000658s ]
[ 2013-01-04T16:33:13+08:00 ] /caidan/root/index.php/Index | INFO: Tag[ app_begin ] --END-- [ RunTime:0.000739s ]
[ 2013-01-04T16:33:13+08:00 ] /caidan/root/index.php/Index | INFO: Tag[ view_template ] --START--
[ 2013-01-04T16:33:13+08:00 ] /caidan/root/index.php/Index | INFO: Run LocationTemplate Behavior [ RunTime:0.000468s ]
[ 2013-01-04T16:33:13+08:00 ] /caidan/root/index.php/Index | INFO: Tag[ view_template ] --END-- [ RunTime:0.000565s ]
[ 2013-01-04T16:33:13+08:00 ] /caidan/root/index.php/Index | INFO: Tag[ view_parse ] --START--
[ 2013-01-04T16:33:13+08:00 ] /caidan/root/index.php/Index | INFO: Run ParseTemplate Behavior [ RunTime:0.017419s ]
[ 2013-01-04T16:33:13+08:00 ] /caidan/root/index.php/Index | INFO: Tag[ view_parse ] --END-- [ RunTime:0.017534s ]
[ 2013-01-04T16:33:13+08:00 ] /caidan/root/index.php/Index | INFO: Tag[ view_filter ] --START--
[ 2013-01-04T16:33:13+08:00 ] /caidan/root/index.php/Index | INFO: Run ContentReplace Behavior [ RunTime:0.000468s ]
[ 2013-01-04T16:33:13+08:00 ] /caidan/root/index.php/Index | INFO: Run TokenBuild Behavior [ RunTime:0.000457s ]
[ 2013-01-04T16:33:13+08:00 ] /caidan/root/index.php/Index | INFO: Run WriteHtmlCache Behavior [ RunTime:0.000305s ]
[ 2013-01-04T16:33:13+08:00 ] /caidan/root/index.php/Index | INFO: Run ShowRuntime Behavior [ RunTime:0.000598s ]
[ 2013-01-04T16:33:13+08:00 ] /caidan/root/index.php/Index | INFO: Tag[ view_filter ] --END-- [ RunTime:0.002086s ]
[ 2013-01-04T16:33:13+08:00 ] /caidan/root/index.php/Index | NOTIC: [2] Cannot modify header information - headers already sent by (output started at D:\jess\caidan\www\Lib\Action\IndexAction.class.php:7) View.class.php 第 120 行.
[ 2013-01-04T16:33:13+08:00 ] /caidan/root/index.php/Index | NOTIC: [2] Cannot modify header information - headers already sent by (output started at D:\jess\caidan\www\Lib\Action\IndexAction.class.php:7) View.class.php 第 121 行.
[ 2013-01-04T16:33:13+08:00 ] /caidan/root/index.php/Index | NOTIC: [2] Cannot modify header information - headers already sent by (output started at D:\jess\caidan\www\Lib\Action\IndexAction.class.php:7) View.class.php 第 122 行.
[ 2013-01-04T16:33:13+08:00 ] /caidan/root/index.php/Index | INFO: Tag[ view_end ] --START--
[ 2013-01-04T16:33:13+08:00 ] /caidan/root/index.php/Index | INFO: Run ShowPageTrace Behavior [ RunTime:0.001989s ]
[ 2013-01-04T16:33:13+08:00 ] /caidan/root/index.php/Index | INFO: Tag[ view_end ] --END-- [ RunTime:0.002081s ]
[ 2013-01-04T16:33:13+08:00 ] /caidan/root/index.php/Index | INFO: Tag[ route_check ] --START--
[ 2013-01-04T16:33:13+08:00 ] /caidan/root/index.php/Index | INFO: Run CheckRoute Behavior [ RunTime:0.001302s ]
[ 2013-01-04T16:33:13+08:00 ] /caidan/root/index.php/Index | INFO: Tag[ route_check ] --END-- [ RunTime:0.001443s ]
[ 2013-01-04T16:33:13+08:00 ] /caidan/root/index.php/Index | INFO: Tag[ app_begin ] --START--
[ 2013-01-04T16:33:13+08:00 ] /caidan/root/index.php/Index | INFO: Run ReadHtmlCache Behavior [ RunTime:0.000661s ]
[ 2013-01-04T16:33:13+08:00 ] /caidan/root/index.php/Index | INFO: Tag[ app_begin ] --END-- [ RunTime:0.000744s ]
[ 2013-01-04T16:33:13+08:00 ] /caidan/root/index.php/Index | INFO: Tag[ view_template ] --START--
[ 2013-01-04T16:33:13+08:00 ] /caidan/root/index.php/Index | INFO: Run LocationTemplate Behavior [ RunTime:0.000977s ]
[ 2013-01-04T16:33:13+08:00 ] /caidan/root/index.php/Index | INFO: Tag[ view_template ] --END-- [ RunTime:0.001151s ]
[ 2013-01-04T16:33:13+08:00 ] /caidan/root/index.php/Index | INFO: Tag[ view_parse ] --START--
[ 2013-01-04T16:33:14+08:00 ] /caidan/root/index.php/Index | INFO: Run ParseTemplate Behavior [ RunTime:0.019778s ]
[ 2013-01-04T16:33:14+08:00 ] /caidan/root/index.php/Index | INFO: Tag[ view_parse ] --END-- [ RunTime:0.020038s ]
[ 2013-01-04T16:33:14+08:00 ] /caidan/root/index.php/Index | INFO: Tag[ view_filter ] --START--
[ 2013-01-04T16:33:14+08:00 ] /caidan/root/index.php/Index | INFO: Run ContentReplace Behavior [ RunTime:0.000445s ]
[ 2013-01-04T16:33:14+08:00 ] /caidan/root/index.php/Index | INFO: Run TokenBuild Behavior [ RunTime:0.000453s ]
[ 2013-01-04T16:33:14+08:00 ] /caidan/root/index.php/Index | INFO: Run WriteHtmlCache Behavior [ RunTime:0.000292s ]
[ 2013-01-04T16:33:14+08:00 ] /caidan/root/index.php/Index | INFO: Run ShowRuntime Behavior [ RunTime:0.000553s ]
[ 2013-01-04T16:33:14+08:00 ] /caidan/root/index.php/Index | INFO: Tag[ view_filter ] --END-- [ RunTime:0.001994s ]
[ 2013-01-04T16:33:14+08:00 ] /caidan/root/index.php/Index | NOTIC: [2] Cannot modify header information - headers already sent by (output started at D:\jess\caidan\www\Lib\Action\IndexAction.class.php:7) View.class.php 第 120 行.
[ 2013-01-04T16:33:14+08:00 ] /caidan/root/index.php/Index | NOTIC: [2] Cannot modify header information - headers already sent by (output started at D:\jess\caidan\www\Lib\Action\IndexAction.class.php:7) View.class.php 第 121 行.
[ 2013-01-04T16:33:14+08:00 ] /caidan/root/index.php/Index | NOTIC: [2] Cannot modify header information - headers already sent by (output started at D:\jess\caidan\www\Lib\Action\IndexAction.class.php:7) View.class.php 第 122 行.
[ 2013-01-04T16:33:14+08:00 ] /caidan/root/index.php/Index | INFO: Tag[ view_end ] --START--
[ 2013-01-04T16:33:14+08:00 ] /caidan/root/index.php/Index | INFO: Run ShowPageTrace Behavior [ RunTime:0.002017s ]
[ 2013-01-04T16:33:14+08:00 ] /caidan/root/index.php/Index | INFO: Tag[ view_end ] --END-- [ RunTime:0.002106s ]
[ 2013-01-04T16:36:07+08:00 ] /caidan/root/index.php/Index | INFO: Tag[ route_check ] --START--
[ 2013-01-04T16:36:07+08:00 ] /caidan/root/index.php/Index | INFO: Run CheckRoute Behavior [ RunTime:0.002080s ]
[ 2013-01-04T16:36:07+08:00 ] /caidan/root/index.php/Index | INFO: Tag[ route_check ] --END-- [ RunTime:0.002318s ]
[ 2013-01-04T16:36:07+08:00 ] /caidan/root/index.php/Index | INFO: Tag[ app_begin ] --START--
[ 2013-01-04T16:36:07+08:00 ] /caidan/root/index.php/Index | INFO: Run ReadHtmlCache Behavior [ RunTime:0.001544s ]
[ 2013-01-04T16:36:07+08:00 ] /caidan/root/index.php/Index | INFO: Tag[ app_begin ] --END-- [ RunTime:0.001644s ]
[ 2013-01-04T16:36:07+08:00 ] /caidan/root/index.php/Index | INFO: Tag[ view_template ] --START--
[ 2013-01-04T16:36:07+08:00 ] /caidan/root/index.php/Index | INFO: Run LocationTemplate Behavior [ RunTime:0.002266s ]
[ 2013-01-04T16:36:07+08:00 ] /caidan/root/index.php/Index | INFO: Tag[ view_template ] --END-- [ RunTime:0.002406s ]
[ 2013-01-04T16:36:07+08:00 ] /caidan/root/index.php/Index | INFO: Tag[ view_parse ] --START--
[ 2013-01-04T16:36:07+08:00 ] /caidan/root/index.php/Index | INFO: Run ParseTemplate Behavior [ RunTime:0.097688s ]
[ 2013-01-04T16:36:07+08:00 ] /caidan/root/index.php/Index | INFO: Tag[ view_parse ] --END-- [ RunTime:0.097853s ]
[ 2013-01-04T16:36:07+08:00 ] /caidan/root/index.php/Index | INFO: Tag[ view_filter ] --START--
[ 2013-01-04T16:36:07+08:00 ] /caidan/root/index.php/Index | INFO: Run ContentReplace Behavior [ RunTime:0.001378s ]
[ 2013-01-04T16:36:07+08:00 ] /caidan/root/index.php/Index | INFO: Run TokenBuild Behavior [ RunTime:0.001365s ]
[ 2013-01-04T16:36:07+08:00 ] /caidan/root/index.php/Index | INFO: Run WriteHtmlCache Behavior [ RunTime:0.001225s ]
[ 2013-01-04T16:36:07+08:00 ] /caidan/root/index.php/Index | INFO: Run ShowRuntime Behavior [ RunTime:0.001375s ]
[ 2013-01-04T16:36:07+08:00 ] /caidan/root/index.php/Index | INFO: Tag[ view_filter ] --END-- [ RunTime:0.005647s ]
[ 2013-01-04T16:36:07+08:00 ] /caidan/root/index.php/Index | NOTIC: [2] Cannot modify header information - headers already sent by (output started at D:\jess\caidan\www\Lib\Action\IndexAction.class.php:7) View.class.php 第 120 行.
[ 2013-01-04T16:36:07+08:00 ] /caidan/root/index.php/Index | NOTIC: [2] Cannot modify header information - headers already sent by (output started at D:\jess\caidan\www\Lib\Action\IndexAction.class.php:7) View.class.php 第 121 行.
[ 2013-01-04T16:36:07+08:00 ] /caidan/root/index.php/Index | NOTIC: [2] Cannot modify header information - headers already sent by (output started at D:\jess\caidan\www\Lib\Action\IndexAction.class.php:7) View.class.php 第 122 行.
[ 2013-01-04T16:36:07+08:00 ] /caidan/root/index.php/Index | INFO: Tag[ view_end ] --START--
[ 2013-01-04T16:36:07+08:00 ] /caidan/root/index.php/Index | INFO: Run ShowPageTrace Behavior [ RunTime:0.006413s ]
[ 2013-01-04T16:36:07+08:00 ] /caidan/root/index.php/Index | INFO: Tag[ view_end ] --END-- [ RunTime:0.006699s ]
[ 2013-01-04T16:36:10+08:00 ] /caidan/root/index.php/Index | INFO: Tag[ route_check ] --START--
[ 2013-01-04T16:36:10+08:00 ] /caidan/root/index.php/Index | INFO: Run CheckRoute Behavior [ RunTime:0.001826s ]
[ 2013-01-04T16:36:10+08:00 ] /caidan/root/index.php/Index | INFO: Tag[ route_check ] --END-- [ RunTime:0.001978s ]
[ 2013-01-04T16:36:10+08:00 ] /caidan/root/index.php/Index | INFO: Tag[ app_begin ] --START--
[ 2013-01-04T16:36:10+08:00 ] /caidan/root/index.php/Index | INFO: Run ReadHtmlCache Behavior [ RunTime:0.001789s ]
[ 2013-01-04T16:36:10+08:00 ] /caidan/root/index.php/Index | INFO: Tag[ app_begin ] --END-- [ RunTime:0.001889s ]
[ 2013-01-04T16:36:10+08:00 ] /caidan/root/index.php/Index | INFO: Tag[ view_template ] --START--
[ 2013-01-04T16:36:10+08:00 ] /caidan/root/index.php/Index | INFO: Run LocationTemplate Behavior [ RunTime:0.002090s ]
[ 2013-01-04T16:36:10+08:00 ] /caidan/root/index.php/Index | INFO: Tag[ view_template ] --END-- [ RunTime:0.002222s ]
[ 2013-01-04T16:36:10+08:00 ] /caidan/root/index.php/Index | INFO: Tag[ view_parse ] --START--
[ 2013-01-04T16:36:10+08:00 ] /caidan/root/index.php/Index | INFO: Run ParseTemplate Behavior [ RunTime:0.028064s ]
[ 2013-01-04T16:36:10+08:00 ] /caidan/root/index.php/Index | INFO: Tag[ view_parse ] --END-- [ RunTime:0.028176s ]
[ 2013-01-04T16:36:10+08:00 ] /caidan/root/index.php/Index | INFO: Tag[ view_filter ] --START--
[ 2013-01-04T16:36:10+08:00 ] /caidan/root/index.php/Index | INFO: Run ContentReplace Behavior [ RunTime:0.000421s ]
[ 2013-01-04T16:36:10+08:00 ] /caidan/root/index.php/Index | INFO: Run TokenBuild Behavior [ RunTime:0.000921s ]
[ 2013-01-04T16:36:10+08:00 ] /caidan/root/index.php/Index | INFO: Run WriteHtmlCache Behavior [ RunTime:0.000330s ]
[ 2013-01-04T16:36:10+08:00 ] /caidan/root/index.php/Index | INFO: Run ShowRuntime Behavior [ RunTime:0.000654s ]
[ 2013-01-04T16:36:10+08:00 ] /caidan/root/index.php/Index | INFO: Tag[ view_filter ] --END-- [ RunTime:0.002639s ]
[ 2013-01-04T16:36:10+08:00 ] /caidan/root/index.php/Index | NOTIC: [2] Cannot modify header information - headers already sent by (output started at D:\jess\caidan\www\Lib\Action\IndexAction.class.php:7) View.class.php 第 120 行.
[ 2013-01-04T16:36:10+08:00 ] /caidan/root/index.php/Index | NOTIC: [2] Cannot modify header information - headers already sent by (output started at D:\jess\caidan\www\Lib\Action\IndexAction.class.php:7) View.class.php 第 121 行.
[ 2013-01-04T16:36:10+08:00 ] /caidan/root/index.php/Index | NOTIC: [2] Cannot modify header information - headers already sent by (output started at D:\jess\caidan\www\Lib\Action\IndexAction.class.php:7) View.class.php 第 122 行.
[ 2013-01-04T16:36:10+08:00 ] /caidan/root/index.php/Index | INFO: Tag[ view_end ] --START--
[ 2013-01-04T16:36:10+08:00 ] /caidan/root/index.php/Index | INFO: Run ShowPageTrace Behavior [ RunTime:0.002002s ]
[ 2013-01-04T16:36:10+08:00 ] /caidan/root/index.php/Index | INFO: Tag[ view_end ] --END-- [ RunTime:0.002093s ]
[ 2013-01-04T16:36:10+08:00 ] /caidan/root/index.php/Index | INFO: Tag[ route_check ] --START--
[ 2013-01-04T16:36:10+08:00 ] /caidan/root/index.php/Index | INFO: Run CheckRoute Behavior [ RunTime:0.001074s ]
[ 2013-01-04T16:36:10+08:00 ] /caidan/root/index.php/Index | INFO: Tag[ route_check ] --END-- [ RunTime:0.001221s ]
[ 2013-01-04T16:36:10+08:00 ] /caidan/root/index.php/Index | INFO: Tag[ app_begin ] --START--
[ 2013-01-04T16:36:10+08:00 ] /caidan/root/index.php/Index | INFO: Run ReadHtmlCache Behavior [ RunTime:0.000673s ]
[ 2013-01-04T16:36:10+08:00 ] /caidan/root/index.php/Index | INFO: Tag[ app_begin ] --END-- [ RunTime:0.000764s ]
[ 2013-01-04T16:36:10+08:00 ] /caidan/root/index.php/Index | INFO: Tag[ view_template ] --START--
[ 2013-01-04T16:36:10+08:00 ] /caidan/root/index.php/Index | INFO: Run LocationTemplate Behavior [ RunTime:0.000443s ]
[ 2013-01-04T16:36:10+08:00 ] /caidan/root/index.php/Index | INFO: Tag[ view_template ] --END-- [ RunTime:0.000528s ]
[ 2013-01-04T16:36:10+08:00 ] /caidan/root/index.php/Index | INFO: Tag[ view_parse ] --START--
[ 2013-01-04T16:36:10+08:00 ] /caidan/root/index.php/Index | INFO: Run ParseTemplate Behavior [ RunTime:0.017865s ]
[ 2013-01-04T16:36:10+08:00 ] /caidan/root/index.php/Index | INFO: Tag[ view_parse ] --END-- [ RunTime:0.017987s ]
[ 2013-01-04T16:36:10+08:00 ] /caidan/root/index.php/Index | INFO: Tag[ view_filter ] --START--
[ 2013-01-04T16:36:10+08:00 ] /caidan/root/index.php/Index | INFO: Run ContentReplace Behavior [ RunTime:0.000522s ]
[ 2013-01-04T16:36:10+08:00 ] /caidan/root/index.php/Index | INFO: Run TokenBuild Behavior [ RunTime:0.000467s ]
[ 2013-01-04T16:36:10+08:00 ] /caidan/root/index.php/Index | INFO: Run WriteHtmlCache Behavior [ RunTime:0.000323s ]
[ 2013-01-04T16:36:10+08:00 ] /caidan/root/index.php/Index | INFO: Run ShowRuntime Behavior [ RunTime:0.000554s ]
[ 2013-01-04T16:36:10+08:00 ] /caidan/root/index.php/Index | INFO: Tag[ view_filter ] --END-- [ RunTime:0.002099s ]
[ 2013-01-04T16:36:10+08:00 ] /caidan/root/index.php/Index | NOTIC: [2] Cannot modify header information - headers already sent by (output started at D:\jess\caidan\www\Lib\Action\IndexAction.class.php:7) View.class.php 第 120 行.
[ 2013-01-04T16:36:10+08:00 ] /caidan/root/index.php/Index | NOTIC: [2] Cannot modify header information - headers already sent by (output started at D:\jess\caidan\www\Lib\Action\IndexAction.class.php:7) View.class.php 第 121 行.
[ 2013-01-04T16:36:10+08:00 ] /caidan/root/index.php/Index | NOTIC: [2] Cannot modify header information - headers already sent by (output started at D:\jess\caidan\www\Lib\Action\IndexAction.class.php:7) View.class.php 第 122 行.
[ 2013-01-04T16:36:10+08:00 ] /caidan/root/index.php/Index | INFO: Tag[ view_end ] --START--
[ 2013-01-04T16:36:10+08:00 ] /caidan/root/index.php/Index | INFO: Run ShowPageTrace Behavior [ RunTime:0.002011s ]
[ 2013-01-04T16:36:10+08:00 ] /caidan/root/index.php/Index | INFO: Tag[ view_end ] --END-- [ RunTime:0.002124s ]
[ 2013-01-04T16:36:15+08:00 ] /caidan/root/index.php/index | ERR: (ThinkException) 无法加载模块index
[ 2013-01-04T16:36:29+08:00 ] /caidan/root/index.php/index | ERR: (ThinkException) 无法加载模块index
[ 2013-01-04T16:36:30+08:00 ] /caidan/root/index.php/index | ERR: (ThinkException) 无法加载模块index
[ 2013-01-04T16:36:41+08:00 ] /caidan/root/index.php/index | ERR: (ThinkException) 无法加载模块index
[ 2013-01-04T16:36:42+08:00 ] /caidan/root/index.php/index | ERR: (ThinkException) 无法加载模块index
[ 2013-01-04T16:36:43+08:00 ] /caidan/root/index.php/index | ERR: (ThinkException) 无法加载模块index
[ 2013-01-04T16:36:44+08:00 ] /caidan/root/index.php/index | ERR: (ThinkException) 无法加载模块index
[ 2013-01-04T16:37:07+08:00 ] /caidan/root/index.php/index | INFO: Tag[ route_check ] --START--
[ 2013-01-04T16:37:07+08:00 ] /caidan/root/index.php/index | INFO: Run CheckRoute Behavior [ RunTime:0.001861s ]
[ 2013-01-04T16:37:07+08:00 ] /caidan/root/index.php/index | INFO: Tag[ route_check ] --END-- [ RunTime:0.002103s ]
[ 2013-01-04T16:37:07+08:00 ] /caidan/root/index.php/index | INFO: Tag[ app_begin ] --START--
[ 2013-01-04T16:37:07+08:00 ] /caidan/root/index.php/index | INFO: Run ReadHtmlCache Behavior [ RunTime:0.001051s ]
[ 2013-01-04T16:37:07+08:00 ] /caidan/root/index.php/index | INFO: Tag[ app_begin ] --END-- [ RunTime:0.001185s ]
[ 2013-01-04T16:37:07+08:00 ] /caidan/root/index.php/index | INFO: Tag[ view_template ] --START--
[ 2013-01-04T16:37:07+08:00 ] /caidan/root/index.php/index | INFO: Run LocationTemplate Behavior [ RunTime:0.000703s ]
[ 2013-01-04T16:37:07+08:00 ] /caidan/root/index.php/index | INFO: Tag[ view_template ] --END-- [ RunTime:0.000860s ]
[ 2013-01-04T16:37:07+08:00 ] /caidan/root/index.php/index | INFO: Tag[ view_parse ] --START--
[ 2013-01-04T16:37:07+08:00 ] /caidan/root/index.php/index | INFO: Run ParseTemplate Behavior [ RunTime:0.025319s ]
[ 2013-01-04T16:37:07+08:00 ] /caidan/root/index.php/index | INFO: Tag[ view_parse ] --END-- [ RunTime:0.025502s ]
[ 2013-01-04T16:37:07+08:00 ] /caidan/root/index.php/index | INFO: Tag[ view_filter ] --START--
[ 2013-01-04T16:37:07+08:00 ] /caidan/root/index.php/index | INFO: Run ContentReplace Behavior [ RunTime:0.000721s ]
[ 2013-01-04T16:37:07+08:00 ] /caidan/root/index.php/index | INFO: Run TokenBuild Behavior [ RunTime:0.000780s ]
[ 2013-01-04T16:37:07+08:00 ] /caidan/root/index.php/index | INFO: Run WriteHtmlCache Behavior [ RunTime:0.000541s ]
[ 2013-01-04T16:37:07+08:00 ] /caidan/root/index.php/index | INFO: Run ShowRuntime Behavior [ RunTime:0.000901s ]
[ 2013-01-04T16:37:07+08:00 ] /caidan/root/index.php/index | INFO: Tag[ view_filter ] --END-- [ RunTime:0.003554s ]
[ 2013-01-04T16:37:07+08:00 ] /caidan/root/index.php/index | NOTIC: [2] Cannot modify header information - headers already sent by (output started at D:\jess\caidan\www\Lib\Action\IndexAction.class.php:7) View.class.php 第 120 行.
[ 2013-01-04T16:37:07+08:00 ] /caidan/root/index.php/index | NOTIC: [2] Cannot modify header information - headers already sent by (output started at D:\jess\caidan\www\Lib\Action\IndexAction.class.php:7) View.class.php 第 121 行.
[ 2013-01-04T16:37:07+08:00 ] /caidan/root/index.php/index | NOTIC: [2] Cannot modify header information - headers already sent by (output started at D:\jess\caidan\www\Lib\Action\IndexAction.class.php:7) View.class.php 第 122 行.
[ 2013-01-04T16:37:07+08:00 ] /caidan/root/index.php/index | INFO: Tag[ view_end ] --START--
[ 2013-01-04T16:37:07+08:00 ] /caidan/root/index.php/index | INFO: Run ShowPageTrace Behavior [ RunTime:0.003347s ]
[ 2013-01-04T16:37:07+08:00 ] /caidan/root/index.php/index | INFO: Tag[ view_end ] --END-- [ RunTime:0.003589s ]
